{"/home/travis/build/npmtest/node-npmtest-madge/test.js":{"path":"/home/travis/build/npmtest/node-npmtest-madge/test.js","s":{"1":2,"2":2,"3":2,"4":2,"5":2,"6":2,"7":2,"8":1,"9":2,"10":2,"11":1,"12":1,"13":1,"14":1,"15":2,"16":2,"17":2,"18":2,"19":1,"20":1,"21":2,"22":2,"23":2,"24":1,"25":1,"26":1,"27":1,"28":1,"29":1,"30":1,"31":1,"32":1,"33":1,"34":1,"35":1,"36":1,"37":1,"38":1,"39":2,"40":2,"41":1,"42":2,"43":2,"44":1,"45":2,"46":2,"47":1,"48":2,"49":2,"50":1,"51":1,"52":1,"53":1,"54":1},"b":{"1":[2,1,1,1],"2":[1,1,1,1],"3":[1,1],"4":[1,1],"5":[1,1],"6":[1,1],"7":[1,1],"8":[1,1],"9":[1,1],"10":[1,1,1],"11":[1,1],"12":[1,1],"13":[1,1],"14":[1,1],"15":[1,1],"16":[1,1],"17":[1,1]},"f":{"1":2,"2":2,"3":2,"4":2,"5":2,"6":1,"7":1,"8":1,"9":2,"10":2,"11":2,"12":2,"13":1},"fnMap":{"1":{"name":"(anonymous_1)","line":12,"loc":{"start":{"line":12,"column":1},"end":{"line":12,"column":13}}},"2":{"name":"(anonymous_2)","line":19,"loc":{"start":{"line":19,"column":5},"end":{"line":19,"column":17}}},"3":{"name":"(anonymous_3)","line":23,"loc":{"start":{"line":23,"column":24},"end":{"line":23,"column":36}}},"4":{"name":"(anonymous_4)","line":61,"loc":{"start":{"line":61,"column":5},"end":{"line":61,"column":17}}},"5":{"name":"(anonymous_5)","line":82,"loc":{"start":{"line":82,"column":5},"end":{"line":82,"column":17}}},"6":{"name":"(anonymous_6)","line":91,"loc":{"start":{"line":91,"column":77},"end":{"line":94,"column":10}}},"7":{"name":"(anonymous_7)","line":112,"loc":{"start":{"line":112,"column":83},"end":{"line":115,"column":10}},"skip":true},"8":{"name":"(anonymous_8)","line":123,"loc":{"start":{"line":123,"column":77},"end":{"line":126,"column":10}},"skip":true},"9":{"name":"(anonymous_9)","line":139,"loc":{"start":{"line":139,"column":12},"end":{"line":139,"column":40}},"skip":true},"10":{"name":"(anonymous_10)","line":147,"loc":{"start":{"line":147,"column":77},"end":{"line":150,"column":10}},"skip":true},"11":{"name":"(anonymous_11)","line":158,"loc":{"start":{"line":158,"column":83},"end":{"line":161,"column":10}},"skip":true},"12":{"name":"(anonymous_12)","line":169,"loc":{"start":{"line":169,"column":79},"end":{"line":172,"column":10}},"skip":true},"13":{"name":"(anonymous_13)","line":180,"loc":{"start":{"line":180,"column":75},"end":{"line":183,"column":10}},"skip":true}},"statementMap":{"1":{"start":{"line":12,"column":0},"end":{"line":195,"column":5}},"2":{"start":{"line":14,"column":4},"end":{"line":14,"column":14}},"3":{"start":{"line":19,"column":4},"end":{"line":56,"column":9}},"4":{"start":{"line":21,"column":8},"end":{"line":21,"column":19}},"5":{"start":{"line":23,"column":8},"end":{"line":35,"column":13}},"6":{"start":{"line":24,"column":12},"end":{"line":34,"column":13}},"7":{"start":{"line":25,"column":16},"end":{"line":28,"column":30}},"8":{"start":{"line":30,"column":16},"end":{"line":33,"column":27}},"9":{"start":{"line":37,"column":8},"end":{"line":39,"column":21}},"10":{"start":{"line":40,"column":8},"end":{"line":53,"column":9}},"11":{"start":{"line":43,"column":12},"end":{"line":46,"column":14}},"12":{"start":{"line":47,"column":12},"end":{"line":47,"column":18}},"13":{"start":{"line":50,"column":12},"end":{"line":51,"column":33}},"14":{"start":{"line":52,"column":12},"end":{"line":52,"column":18}},"15":{"start":{"line":55,"column":8},"end":{"line":55,"column":35}},"16":{"start":{"line":61,"column":4},"end":{"line":63,"column":9}},"17":{"start":{"line":62,"column":8},"end":{"line":62,"column":15}},"18":{"start":{"line":64,"column":4},"end":{"line":77,"column":5}},"19":{"start":{"line":70,"column":8},"end":{"line":70,"column":14}},"20":{"start":{"line":76,"column":8},"end":{"line":76,"column":14}},"21":{"start":{"line":82,"column":4},"end":{"line":84,"column":9}},"22":{"start":{"line":83,"column":8},"end":{"line":83,"column":15}},"23":{"start":{"line":85,"column":4},"end":{"line":194,"column":5}},"24":{"start":{"line":91,"column":8},"end":{"line":99,"column":10}},"25":{"start":{"line":98,"column":12},"end":{"line":98,"column":35}},"26":{"start":{"line":102,"column":8},"end":{"line":104,"column":63}},"27":{"start":{"line":105,"column":8},"end":{"line":105,"column":14}},"28":{"start":{"line":112,"column":8},"end":{"line":121,"column":10},"skip":true},"29":{"start":{"line":119,"column":12},"end":{"line":119,"column":55},"skip":true},"30":{"start":{"line":120,"column":12},"end":{"line":120,"column":48},"skip":true},"31":{"start":{"line":123,"column":8},"end":{"line":136,"column":10},"skip":true},"32":{"start":{"line":130,"column":12},"end":{"line":130,"column":76},"skip":true},"33":{"start":{"line":131,"column":12},"end":{"line":131,"column":73},"skip":true},"34":{"start":{"line":132,"column":12},"end":{"line":132,"column":74},"skip":true},"35":{"start":{"line":133,"column":12},"end":{"line":133,"column":79},"skip":true},"36":{"start":{"line":134,"column":12},"end":{"line":134,"column":25},"skip":true},"37":{"start":{"line":135,"column":12},"end":{"line":135,"column":45},"skip":true},"38":{"start":{"line":138,"column":8},"end":{"line":145,"column":14},"skip":true},"39":{"start":{"line":143,"column":16},"end":{"line":143,"column":29},"skip":true},"40":{"start":{"line":144,"column":16},"end":{"line":144,"column":55},"skip":true},"41":{"start":{"line":147,"column":8},"end":{"line":156,"column":10},"skip":true},"42":{"start":{"line":154,"column":12},"end":{"line":154,"column":25},"skip":true},"43":{"start":{"line":155,"column":12},"end":{"line":155,"column":45},"skip":true},"44":{"start":{"line":158,"column":8},"end":{"line":167,"column":10},"skip":true},"45":{"start":{"line":165,"column":12},"end":{"line":165,"column":25},"skip":true},"46":{"start":{"line":166,"column":12},"end":{"line":166,"column":48},"skip":true},"47":{"start":{"line":169,"column":8},"end":{"line":178,"column":10},"skip":true},"48":{"start":{"line":176,"column":12},"end":{"line":176,"column":25},"skip":true},"49":{"start":{"line":177,"column":12},"end":{"line":177,"column":46},"skip":true},"50":{"start":{"line":180,"column":8},"end":{"line":189,"column":10},"skip":true},"51":{"start":{"line":187,"column":12},"end":{"line":187,"column":94},"skip":true},"52":{"start":{"line":188,"column":12},"end":{"line":188,"column":48},"skip":true},"53":{"start":{"line":192,"column":8},"end":{"line":192,"column":35},"skip":true},"54":{"start":{"line":193,"column":8},"end":{"line":193,"column":14},"skip":true}},"branchMap":{"1":{"line":25,"type":"binary-expr","locations":[{"start":{"line":25,"column":23},"end":{"line":25,"column":62}},{"start":{"line":26,"column":20},"end":{"line":26,"column":70}},{"start":{"line":27,"column":20},"end":{"line":27,"column":71}},{"start":{"line":28,"column":20},"end":{"line":28,"column":29}}]},"2":{"line":30,"type":"binary-expr","locations":[{"start":{"line":30,"column":23},"end":{"line":30,"column":37}},{"start":{"line":31,"column":20},"end":{"line":31,"column":61}},{"start":{"line":32,"column":20},"end":{"line":32,"column":70}},{"start":{"line":33,"column":20},"end":{"line":33,"column":26}}]},"3":{"line":37,"type":"cond-expr","locations":[{"start":{"line":38,"column":14},"end":{"line":38,"column":20}},{"start":{"line":39,"column":14},"end":{"line":39,"column":20}}]},"4":{"line":40,"type":"switch","locations":[{"start":{"line":42,"column":8},"end":{"line":47,"column":18}},{"start":{"line":49,"column":8},"end":{"line":52,"column":18}}]},"5":{"line":44,"type":"binary-expr","locations":[{"start":{"line":44,"column":16},"end":{"line":44,"column":44}},{"start":{"line":44,"column":48},"end":{"line":44,"column":66}}]},"6":{"line":50,"type":"binary-expr","locations":[{"start":{"line":50,"column":21},"end":{"line":50,"column":49}},{"start":{"line":50,"column":53},"end":{"line":50,"column":72}}]},"7":{"line":64,"type":"switch","locations":[{"start":{"line":69,"column":4},"end":{"line":70,"column":14}},{"start":{"line":75,"column":4},"end":{"line":76,"column":14}}]},"8":{"line":85,"type":"switch","locations":[{"start":{"line":90,"column":4},"end":{"line":105,"column":14}},{"start":{"line":111,"column":4},"end":{"line":193,"column":14},"skip":true}]},"9":{"line":91,"type":"binary-expr","locations":[{"start":{"line":91,"column":42},"end":{"line":91,"column":73}},{"start":{"line":91,"column":77},"end":{"line":99,"column":9}}]},"10":{"line":102,"type":"binary-expr","locations":[{"start":{"line":102,"column":18},"end":{"line":102,"column":32}},{"start":{"line":103,"column":12},"end":{"line":103,"column":53}},{"start":{"line":104,"column":12},"end":{"line":104,"column":61}}]},"11":{"line":112,"type":"binary-expr","locations":[{"start":{"line":112,"column":45},"end":{"line":112,"column":79},"skip":true},{"start":{"line":112,"column":83},"end":{"line":121,"column":9},"skip":true}]},"12":{"line":123,"type":"binary-expr","locations":[{"start":{"line":123,"column":42},"end":{"line":123,"column":73},"skip":true},{"start":{"line":123,"column":77},"end":{"line":136,"column":9},"skip":true}]},"13":{"line":138,"type":"binary-expr","locations":[{"start":{"line":138,"column":48},"end":{"line":138,"column":85},"skip":true},{"start":{"line":139,"column":12},"end":{"line":145,"column":13},"skip":true}]},"14":{"line":147,"type":"binary-expr","locations":[{"start":{"line":147,"column":42},"end":{"line":147,"column":73},"skip":true},{"start":{"line":147,"column":77},"end":{"line":156,"column":9},"skip":true}]},"15":{"line":158,"type":"binary-expr","locations":[{"start":{"line":158,"column":45},"end":{"line":158,"column":79},"skip":true},{"start":{"line":158,"column":83},"end":{"line":167,"column":9},"skip":true}]},"16":{"line":169,"type":"binary-expr","locations":[{"start":{"line":169,"column":43},"end":{"line":169,"column":75},"skip":true},{"start":{"line":169,"column":79},"end":{"line":178,"column":9},"skip":true}]},"17":{"line":180,"type":"binary-expr","locations":[{"start":{"line":180,"column":41},"end":{"line":180,"column":71},"skip":true},{"start":{"line":180,"column":75},"end":{"line":189,"column":9},"skip":true}]}},"code":["/* istanbul instrument in package npmtest_madge */","/*jslint","    bitwise: true,","    browser: true,","    maxerr: 8,","    maxlen: 96,","    node: true,","    nomen: true,","    regexp: true,","    stupid: true","*/","(function () {","    'use strict';","    var local;","","","","    // run shared js-env code - pre-init","    (function () {","        // init local","        local = {};","        // init modeJs","        local.modeJs = (function () {","            try {","                return typeof navigator.userAgent === 'string' &&","                    typeof document.querySelector('body') === 'object' &&","                    typeof XMLHttpRequest.prototype.open === 'function' &&","                    'browser';","            } catch (errorCaughtBrowser) {","                return module.exports &&","                    typeof process.versions.node === 'string' &&","                    typeof require('http').createServer === 'function' &&","                    'node';","            }","        }());","        // init global","        local.global = local.modeJs === 'browser'","            ? window","            : global;","        switch (local.modeJs) {","        // re-init local from window.local","        case 'browser':","            local = local.global.utility2.objectSetDefault(","                local.global.utility2_rollup || local.global.local,","                local.global.utility2","            );","            break;","        // re-init local from example.js","        case 'node':","            local = (local.global.utility2_rollup || require('utility2'))","                .requireReadme();","            break;","        }","        // export local","        local.global.local = local;","    }());","","","","    // run shared js-env code - function","    (function () {","        return;","    }());","    switch (local.modeJs) {","","","","    // run browser js-env code - function","    case 'browser':","        break;","","","","    // run node js-env code - function","    case 'node':","        break;","    }","","","","    // run shared js-env code - post-init","    (function () {","        return;","    }());","    switch (local.modeJs) {","","","","    // run browser js-env code - post-init","    case 'browser':","        local.testCase_browser_nullCase = local.testCase_browser_nullCase || function (","            options,","            onError","        ) {","        /*","         * this function will test browsers's null-case handling-behavior-behavior","         */","            onError(null, options);","        };","","        // run tests","        local.nop(local.modeTest &&","            document.querySelector('#testRunButton1') &&","            document.querySelector('#testRunButton1').click());","        break;","","","","    // run node js-env code - post-init","    /* istanbul ignore next */","    case 'node':","        local.testCase_buildApidoc_default = local.testCase_buildApidoc_default || function (","            options,","            onError","        ) {","        /*","         * this function will test buildApidoc's default handling-behavior-behavior","         */","            options = { modulePathList: module.paths };","            local.buildApidoc(options, onError);","        };","","        local.testCase_buildApp_default = local.testCase_buildApp_default || function (","            options,","            onError","        ) {","        /*","         * this function will test buildApp's default handling-behavior-behavior","         */","            local.testCase_buildReadme_default(options, local.onErrorThrow);","            local.testCase_buildLib_default(options, local.onErrorThrow);","            local.testCase_buildTest_default(options, local.onErrorThrow);","            local.testCase_buildCustomOrg_default(options, local.onErrorThrow);","            options = [];","            local.buildApp(options, onError);","        };","","        local.testCase_buildCustomOrg_default = local.testCase_buildCustomOrg_default ||","            function (options, onError) {","            /*","             * this function will test buildCustomOrg's default handling-behavior","             */","                options = {};","                local.buildCustomOrg(options, onError);","            };","","        local.testCase_buildLib_default = local.testCase_buildLib_default || function (","            options,","            onError","        ) {","        /*","         * this function will test buildLib's default handling-behavior","         */","            options = {};","            local.buildLib(options, onError);","        };","","        local.testCase_buildReadme_default = local.testCase_buildReadme_default || function (","            options,","            onError","        ) {","        /*","         * this function will test buildReadme's default handling-behavior-behavior","         */","            options = {};","            local.buildReadme(options, onError);","        };","","        local.testCase_buildTest_default = local.testCase_buildTest_default || function (","            options,","            onError","        ) {","        /*","         * this function will test buildTest's default handling-behavior","         */","            options = {};","            local.buildTest(options, onError);","        };","","        local.testCase_webpage_default = local.testCase_webpage_default || function (","            options,","            onError","        ) {","        /*","         * this function will test webpage's default handling-behavior","         */","            options = { modeCoverageMerge: true, url: local.serverLocalHost + '?modeTest=1' };","            local.browserTest(options, onError);","        };","","        // run test-server","        local.testRunServer(local);","        break;","    }","}());",""],"l":{"12":2,"14":2,"19":2,"21":2,"23":2,"24":2,"25":2,"30":1,"37":2,"40":2,"43":1,"47":1,"50":1,"52":1,"55":2,"61":2,"62":2,"64":2,"70":1,"76":1,"82":2,"83":2,"85":2,"91":1,"98":1,"102":1,"105":1,"112":1,"119":1,"120":1,"123":1,"130":1,"131":1,"132":1,"133":1,"134":1,"135":1,"138":1,"143":2,"144":2,"147":1,"154":2,"155":2,"158":1,"165":2,"166":2,"169":1,"176":2,"177":2,"180":1,"187":1,"188":1,"192":1,"193":1}},"/home/travis/build/npmtest/node-npmtest-madge/lib.npmtest_madge.js":{"path":"/home/travis/build/npmtest/node-npmtest-madge/lib.npmtest_madge.js","s":{"1":2,"2":2,"3":2,"4":2,"5":2,"6":2,"7":2,"8":1,"9":2,"10":2,"11":2,"12":2,"13":1,"14":1,"15":1,"16":1},"b":{"1":[2,1,1,1],"2":[1,1,1,1],"3":[1,1],"4":[2,2],"5":[1,1]},"f":{"1":2,"2":2,"3":2},"fnMap":{"1":{"name":"(anonymous_1)","line":12,"loc":{"start":{"line":12,"column":1},"end":{"line":12,"column":13}}},"2":{"name":"(anonymous_2)","line":19,"loc":{"start":{"line":19,"column":5},"end":{"line":19,"column":17}}},"3":{"name":"(anonymous_3)","line":23,"loc":{"start":{"line":23,"column":24},"end":{"line":23,"column":36}}}},"statementMap":{"1":{"start":{"line":12,"column":0},"end":{"line":53,"column":5}},"2":{"start":{"line":14,"column":4},"end":{"line":14,"column":14}},"3":{"start":{"line":19,"column":4},"end":{"line":52,"column":9}},"4":{"start":{"line":21,"column":8},"end":{"line":21,"column":19}},"5":{"start":{"line":23,"column":8},"end":{"line":35,"column":13}},"6":{"start":{"line":24,"column":12},"end":{"line":34,"column":13}},"7":{"start":{"line":25,"column":16},"end":{"line":28,"column":30}},"8":{"start":{"line":30,"column":16},"end":{"line":33,"column":27}},"9":{"start":{"line":37,"column":8},"end":{"line":39,"column":21}},"10":{"start":{"line":41,"column":8},"end":{"line":41,"column":54}},"11":{"start":{"line":43,"column":8},"end":{"line":43,"column":50}},"12":{"start":{"line":45,"column":8},"end":{"line":51,"column":9}},"13":{"start":{"line":46,"column":12},"end":{"line":46,"column":56}},"14":{"start":{"line":48,"column":12},"end":{"line":48,"column":35}},"15":{"start":{"line":49,"column":12},"end":{"line":49,"column":49}},"16":{"start":{"line":50,"column":12},"end":{"line":50,"column":43}}},"branchMap":{"1":{"line":25,"type":"binary-expr","locations":[{"start":{"line":25,"column":23},"end":{"line":25,"column":62}},{"start":{"line":26,"column":20},"end":{"line":26,"column":70}},{"start":{"line":27,"column":20},"end":{"line":27,"column":71}},{"start":{"line":28,"column":20},"end":{"line":28,"column":29}}]},"2":{"line":30,"type":"binary-expr","locations":[{"start":{"line":30,"column":23},"end":{"line":30,"column":37}},{"start":{"line":31,"column":20},"end":{"line":31,"column":61}},{"start":{"line":32,"column":20},"end":{"line":32,"column":70}},{"start":{"line":33,"column":20},"end":{"line":33,"column":26}}]},"3":{"line":37,"type":"cond-expr","locations":[{"start":{"line":38,"column":14},"end":{"line":38,"column":20}},{"start":{"line":39,"column":14},"end":{"line":39,"column":20}}]},"4":{"line":41,"type":"binary-expr","locations":[{"start":{"line":41,"column":16},"end":{"line":41,"column":44}},{"start":{"line":41,"column":48},"end":{"line":41,"column":53}}]},"5":{"line":45,"type":"if","locations":[{"start":{"line":45,"column":8},"end":{"line":45,"column":8}},{"start":{"line":45,"column":8},"end":{"line":45,"column":8}}]}},"code":["/* istanbul instrument in package npmtest_madge */","/*jslint","    bitwise: true,","    browser: true,","    maxerr: 8,","    maxlen: 96,","    node: true,","    nomen: true,","    regexp: true,","    stupid: true","*/","(function () {","    'use strict';","    var local;","","","","    // run shared js-env code - pre-init","    (function () {","        // init local","        local = {};","        // init modeJs","        local.modeJs = (function () {","            try {","                return typeof navigator.userAgent === 'string' &&","                    typeof document.querySelector('body') === 'object' &&","                    typeof XMLHttpRequest.prototype.open === 'function' &&","                    'browser';","            } catch (errorCaughtBrowser) {","                return module.exports &&","                    typeof process.versions.node === 'string' &&","                    typeof require('http').createServer === 'function' &&","                    'node';","            }","        }());","        // init global","        local.global = local.modeJs === 'browser'","            ? window","            : global;","        // init utility2_rollup","        local = local.global.utility2_rollup || local;","        // init lib","        local.local = local.npmtest_madge = local;","        // init exports","        if (local.modeJs === 'browser') {","            local.global.utility2_npmtest_madge = local;","        } else {","            module.exports = local;","            module.exports.__dirname = __dirname;","            module.exports.module = module;","        }","    }());","}());",""],"l":{"12":2,"14":2,"19":2,"21":2,"23":2,"24":2,"25":2,"30":1,"37":2,"41":2,"43":2,"45":2,"46":1,"48":1,"49":1,"50":1}},"/home/travis/build/npmtest/node-npmtest-madge/example.js":{"path":"/home/travis/build/npmtest/node-npmtest-madge/example.js","s":{"1":2,"2":2,"3":2,"4":2,"5":2,"6":2,"7":2,"8":1,"9":2,"10":2,"11":2,"12":2,"13":1,"14":2,"15":2,"16":2,"17":2,"18":2,"19":0,"20":2,"21":1,"22":1,"23":1,"24":1,"25":1,"26":0,"27":0,"28":1,"29":1,"30":2,"31":0,"32":0,"33":0,"34":1,"35":2,"36":2,"37":3,"38":3,"39":3,"40":3,"41":0,"42":3,"43":3,"44":3,"45":1,"46":3,"47":1,"48":1,"49":1,"50":1,"51":1,"52":1,"53":1,"54":1,"55":1,"56":1,"57":0,"58":1,"59":6,"60":6,"61":1,"62":2,"63":0,"64":2,"65":1,"66":1,"67":0,"68":0,"69":0,"70":0,"71":0,"72":0,"73":0,"74":0,"75":0,"76":0,"77":0,"78":0,"79":0,"80":0,"81":0,"82":0,"83":0},"b":{"1":[2,1,1,1],"2":[1,1,1,1],"3":[1,1],"4":[2,2],"5":[1,1],"6":[1,1],"7":[2,0],"8":[2,1,1,1,1,1],"9":[0,2,0],"10":[1,1],"11":[2,1,1],"12":[1,0],"13":[0,2],"14":[2,0,0,0,0,0,0],"15":[0,3],"16":[3,0],"17":[1,1],"18":[0,1],"19":[1,2,0,2],"20":[1,0],"21":[1,1],"22":[0,0],"23":[0,0],"24":[0,0],"25":[0,0],"26":[0,0],"27":[0,0],"28":[0,0]},"f":{"1":2,"2":2,"3":2,"4":2,"5":2,"6":2,"7":3,"8":3,"9":3,"10":1,"11":6,"12":0},"fnMap":{"1":{"name":"(anonymous_1)","line":26,"loc":{"start":{"line":26,"column":1},"end":{"line":26,"column":13}}},"2":{"name":"(anonymous_2)","line":33,"loc":{"start":{"line":33,"column":5},"end":{"line":33,"column":17}}},"3":{"name":"(anonymous_3)","line":37,"loc":{"start":{"line":37,"column":24},"end":{"line":37,"column":36}}},"4":{"name":"(anonymous_4)","line":69,"loc":{"start":{"line":69,"column":31},"end":{"line":69,"column":48}},"skip":true},"5":{"name":"(anonymous_5)","line":78,"loc":{"start":{"line":78,"column":26},"end":{"line":78,"column":45}},"skip":true},"6":{"name":"(anonymous_6)","line":123,"loc":{"start":{"line":123,"column":33},"end":{"line":123,"column":48}},"skip":true},"7":{"name":"(anonymous_7)","line":125,"loc":{"start":{"line":125,"column":27},"end":{"line":125,"column":39}},"skip":true},"8":{"name":"(anonymous_8)","line":133,"loc":{"start":{"line":133,"column":59},"end":{"line":133,"column":74}},"skip":true},"9":{"name":"(anonymous_9)","line":143,"loc":{"start":{"line":143,"column":45},"end":{"line":143,"column":62}},"skip":true},"10":{"name":"(anonymous_10)","line":144,"loc":{"start":{"line":144,"column":73},"end":{"line":144,"column":92}},"skip":true},"11":{"name":"(anonymous_11)","line":272,"loc":{"start":{"line":272,"column":51},"end":{"line":272,"column":77}},"skip":true},"12":{"name":"(anonymous_12)","line":315,"loc":{"start":{"line":315,"column":32},"end":{"line":315,"column":61}},"skip":true}},"statementMap":{"1":{"start":{"line":26,"column":0},"end":{"line":326,"column":5}},"2":{"start":{"line":28,"column":4},"end":{"line":28,"column":14}},"3":{"start":{"line":33,"column":4},"end":{"line":60,"column":9}},"4":{"start":{"line":35,"column":8},"end":{"line":35,"column":19}},"5":{"start":{"line":37,"column":8},"end":{"line":49,"column":13}},"6":{"start":{"line":38,"column":12},"end":{"line":48,"column":13}},"7":{"start":{"line":39,"column":16},"end":{"line":42,"column":30}},"8":{"start":{"line":44,"column":16},"end":{"line":47,"column":27}},"9":{"start":{"line":51,"column":8},"end":{"line":53,"column":21}},"10":{"start":{"line":55,"column":8},"end":{"line":57,"column":45}},"11":{"start":{"line":59,"column":8},"end":{"line":59,"column":35}},"12":{"start":{"line":61,"column":4},"end":{"line":325,"column":5}},"13":{"start":{"line":69,"column":8},"end":{"line":121,"column":10},"skip":true},"14":{"start":{"line":70,"column":12},"end":{"line":88,"column":13},"skip":true},"15":{"start":{"line":76,"column":16},"end":{"line":87,"column":19},"skip":true},"16":{"start":{"line":79,"column":20},"end":{"line":86,"column":21},"skip":true},"17":{"start":{"line":82,"column":24},"end":{"line":82,"column":43},"skip":true},"18":{"start":{"line":83,"column":24},"end":{"line":83,"column":30},"skip":true},"19":{"start":{"line":85,"column":24},"end":{"line":85,"column":49},"skip":true},"20":{"start":{"line":89,"column":12},"end":{"line":107,"column":13},"skip":true},"21":{"start":{"line":92,"column":16},"end":{"line":102,"column":17},"skip":true},"22":{"start":{"line":93,"column":20},"end":{"line":93,"column":86},"skip":true},"23":{"start":{"line":94,"column":20},"end":{"line":95,"column":45},"skip":true},"24":{"start":{"line":96,"column":20},"end":{"line":96,"column":42},"skip":true},"25":{"start":{"line":97,"column":20},"end":{"line":97,"column":48},"skip":true},"26":{"start":{"line":100,"column":20},"end":{"line":100,"column":85},"skip":true},"27":{"start":{"line":101,"column":20},"end":{"line":101,"column":96},"skip":true},"28":{"start":{"line":103,"column":16},"end":{"line":103,"column":22},"skip":true},"29":{"start":{"line":106,"column":16},"end":{"line":106,"column":22},"skip":true},"30":{"start":{"line":108,"column":12},"end":{"line":120,"column":13},"skip":true},"31":{"start":{"line":114,"column":16},"end":{"line":119,"column":17},"skip":true},"32":{"start":{"line":116,"column":20},"end":{"line":116,"column":78},"skip":true},"33":{"start":{"line":118,"column":20},"end":{"line":118,"column":47},"skip":true},"34":{"start":{"line":123,"column":8},"end":{"line":141,"column":11},"skip":true},"35":{"start":{"line":124,"column":12},"end":{"line":124,"column":54},"skip":true},"36":{"start":{"line":125,"column":12},"end":{"line":140,"column":14},"skip":true},"37":{"start":{"line":126,"column":16},"end":{"line":126,"column":28},"skip":true},"38":{"start":{"line":127,"column":16},"end":{"line":127,"column":69},"skip":true},"39":{"start":{"line":128,"column":16},"end":{"line":128,"column":75},"skip":true},"40":{"start":{"line":129,"column":16},"end":{"line":131,"column":17},"skip":true},"41":{"start":{"line":130,"column":20},"end":{"line":130,"column":27},"skip":true},"42":{"start":{"line":133,"column":16},"end":{"line":137,"column":36},"skip":true},"43":{"start":{"line":134,"column":20},"end":{"line":136,"column":55},"skip":true},"44":{"start":{"line":139,"column":16},"end":{"line":139,"column":57},"skip":true},"45":{"start":{"line":143,"column":8},"end":{"line":147,"column":11},"skip":true},"46":{"start":{"line":144,"column":12},"end":{"line":146,"column":15},"skip":true},"47":{"start":{"line":145,"column":16},"end":{"line":145,"column":70},"skip":true},"48":{"start":{"line":149,"column":8},"end":{"line":149,"column":31},"skip":true},"49":{"start":{"line":150,"column":8},"end":{"line":150,"column":14},"skip":true},"50":{"start":{"line":158,"column":8},"end":{"line":158,"column":31},"skip":true},"51":{"start":{"line":160,"column":8},"end":{"line":160,"column":33},"skip":true},"52":{"start":{"line":161,"column":8},"end":{"line":161,"column":37},"skip":true},"53":{"start":{"line":162,"column":8},"end":{"line":162,"column":35},"skip":true},"54":{"start":{"line":164,"column":8},"end":{"line":164,"column":50},"skip":true},"55":{"start":{"line":166,"column":8},"end":{"line":256,"column":2},"skip":true},"56":{"start":{"line":258,"column":8},"end":{"line":286,"column":9},"skip":true},"57":{"start":{"line":259,"column":12},"end":{"line":269,"column":14},"skip":true},"58":{"start":{"line":271,"column":12},"end":{"line":285,"column":19},"skip":true},"59":{"start":{"line":274,"column":20},"end":{"line":274,"column":35},"skip":true},"60":{"start":{"line":275,"column":20},"end":{"line":284,"column":21},"skip":true},"61":{"start":{"line":277,"column":24},"end":{"line":277,"column":64},"skip":true},"62":{"start":{"line":279,"column":24},"end":{"line":279,"column":40},"skip":true},"63":{"start":{"line":281,"column":24},"end":{"line":281,"column":40},"skip":true},"64":{"start":{"line":283,"column":24},"end":{"line":283,"column":39},"skip":true},"65":{"start":{"line":288,"column":8},"end":{"line":290,"column":9},"skip":true},"66":{"start":{"line":289,"column":12},"end":{"line":289,"column":18},"skip":true},"67":{"start":{"line":291,"column":8},"end":{"line":293,"column":54},"skip":true},"68":{"start":{"line":296,"column":8},"end":{"line":301,"column":37},"skip":true},"69":{"start":{"line":303,"column":8},"end":{"line":303,"column":82},"skip":true},"70":{"start":{"line":306,"column":8},"end":{"line":308,"column":9},"skip":true},"71":{"start":{"line":307,"column":12},"end":{"line":307,"column":82},"skip":true},"72":{"start":{"line":310,"column":8},"end":{"line":312,"column":9},"skip":true},"73":{"start":{"line":311,"column":12},"end":{"line":311,"column":18},"skip":true},"74":{"start":{"line":313,"column":8},"end":{"line":313,"column":54},"skip":true},"75":{"start":{"line":314,"column":8},"end":{"line":314,"column":69},"skip":true},"76":{"start":{"line":315,"column":8},"end":{"line":323,"column":36},"skip":true},"77":{"start":{"line":316,"column":12},"end":{"line":316,"column":61},"skip":true},"78":{"start":{"line":317,"column":12},"end":{"line":320,"column":13},"skip":true},"79":{"start":{"line":318,"column":16},"end":{"line":318,"column":75},"skip":true},"80":{"start":{"line":319,"column":16},"end":{"line":319,"column":23},"skip":true},"81":{"start":{"line":321,"column":12},"end":{"line":321,"column":38},"skip":true},"82":{"start":{"line":322,"column":12},"end":{"line":322,"column":27},"skip":true},"83":{"start":{"line":324,"column":8},"end":{"line":324,"column":14},"skip":true}},"branchMap":{"1":{"line":39,"type":"binary-expr","locations":[{"start":{"line":39,"column":23},"end":{"line":39,"column":62}},{"start":{"line":40,"column":20},"end":{"line":40,"column":70}},{"start":{"line":41,"column":20},"end":{"line":41,"column":71}},{"start":{"line":42,"column":20},"end":{"line":42,"column":29}}]},"2":{"line":44,"type":"binary-expr","locations":[{"start":{"line":44,"column":23},"end":{"line":44,"column":37}},{"start":{"line":45,"column":20},"end":{"line":45,"column":61}},{"start":{"line":46,"column":20},"end":{"line":46,"column":70}},{"start":{"line":47,"column":20},"end":{"line":47,"column":26}}]},"3":{"line":51,"type":"cond-expr","locations":[{"start":{"line":52,"column":14},"end":{"line":52,"column":20}},{"start":{"line":53,"column":14},"end":{"line":53,"column":20}}]},"4":{"line":55,"type":"binary-expr","locations":[{"start":{"line":55,"column":16},"end":{"line":55,"column":44}},{"start":{"line":55,"column":49},"end":{"line":57,"column":43}}]},"5":{"line":55,"type":"cond-expr","locations":[{"start":{"line":56,"column":14},"end":{"line":56,"column":49}},{"start":{"line":57,"column":14},"end":{"line":57,"column":43}}]},"6":{"line":61,"type":"switch","locations":[{"start":{"line":68,"column":4},"end":{"line":150,"column":14},"skip":true},{"start":{"line":156,"column":4},"end":{"line":324,"column":14},"skip":true}]},"7":{"line":70,"type":"if","locations":[{"start":{"line":70,"column":12},"end":{"line":70,"column":12},"skip":true},{"start":{"line":70,"column":12},"end":{"line":70,"column":12},"skip":true}]},"8":{"line":70,"type":"binary-expr","locations":[{"start":{"line":70,"column":16},"end":{"line":70,"column":22},"skip":true},{"start":{"line":70,"column":27},"end":{"line":70,"column":32},"skip":true},{"start":{"line":71,"column":20},"end":{"line":71,"column":39},"skip":true},{"start":{"line":72,"column":20},"end":{"line":72,"column":49},"skip":true},{"start":{"line":73,"column":20},"end":{"line":73,"column":58},"skip":true},{"start":{"line":74,"column":20},"end":{"line":74,"column":69},"skip":true}]},"9":{"line":79,"type":"switch","locations":[{"start":{"line":80,"column":20},"end":{"line":80,"column":33},"skip":true},{"start":{"line":81,"column":20},"end":{"line":83,"column":30},"skip":true},{"start":{"line":84,"column":20},"end":{"line":85,"column":49},"skip":true}]},"10":{"line":89,"type":"switch","locations":[{"start":{"line":90,"column":12},"end":{"line":103,"column":22},"skip":true},{"start":{"line":105,"column":12},"end":{"line":106,"column":22},"skip":true}]},"11":{"line":89,"type":"binary-expr","locations":[{"start":{"line":89,"column":20},"end":{"line":89,"column":25},"skip":true},{"start":{"line":89,"column":29},"end":{"line":89,"column":48},"skip":true},{"start":{"line":89,"column":52},"end":{"line":89,"column":74},"skip":true}]},"12":{"line":92,"type":"if","locations":[{"start":{"line":92,"column":16},"end":{"line":92,"column":16},"skip":true},{"start":{"line":92,"column":16},"end":{"line":92,"column":16},"skip":true}]},"13":{"line":108,"type":"if","locations":[{"start":{"line":108,"column":12},"end":{"line":108,"column":12},"skip":true},{"start":{"line":108,"column":12},"end":{"line":108,"column":12},"skip":true}]},"14":{"line":108,"type":"binary-expr","locations":[{"start":{"line":108,"column":16},"end":{"line":108,"column":61},"skip":true},{"start":{"line":108,"column":66},"end":{"line":108,"column":72},"skip":true},{"start":{"line":108,"column":77},"end":{"line":108,"column":82},"skip":true},{"start":{"line":109,"column":20},"end":{"line":109,"column":39},"skip":true},{"start":{"line":110,"column":20},"end":{"line":110,"column":49},"skip":true},{"start":{"line":111,"column":20},"end":{"line":111,"column":58},"skip":true},{"start":{"line":112,"column":20},"end":{"line":112,"column":68},"skip":true}]},"15":{"line":129,"type":"if","locations":[{"start":{"line":129,"column":16},"end":{"line":129,"column":16},"skip":true},{"start":{"line":129,"column":16},"end":{"line":129,"column":16},"skip":true}]},"16":{"line":134,"type":"cond-expr","locations":[{"start":{"line":135,"column":26},"end":{"line":135,"column":29},"skip":true},{"start":{"line":136,"column":26},"end":{"line":136,"column":54},"skip":true}]},"17":{"line":164,"type":"binary-expr","locations":[{"start":{"line":164,"column":27},"end":{"line":164,"column":43},"skip":true},{"start":{"line":164,"column":47},"end":{"line":164,"column":49},"skip":true}]},"18":{"line":258,"type":"if","locations":[{"start":{"line":258,"column":8},"end":{"line":258,"column":8},"skip":true},{"start":{"line":258,"column":8},"end":{"line":258,"column":8},"skip":true}]},"19":{"line":275,"type":"switch","locations":[{"start":{"line":276,"column":20},"end":{"line":277,"column":64},"skip":true},{"start":{"line":278,"column":20},"end":{"line":279,"column":40},"skip":true},{"start":{"line":280,"column":20},"end":{"line":281,"column":40},"skip":true},{"start":{"line":282,"column":20},"end":{"line":283,"column":39},"skip":true}]},"20":{"line":288,"type":"if","locations":[{"start":{"line":288,"column":8},"end":{"line":288,"column":8},"skip":true},{"start":{"line":288,"column":8},"end":{"line":288,"column":8},"skip":true}]},"21":{"line":288,"type":"binary-expr","locations":[{"start":{"line":288,"column":12},"end":{"line":288,"column":40},"skip":true},{"start":{"line":288,"column":44},"end":{"line":288,"column":67},"skip":true}]},"22":{"line":292,"type":"binary-expr","locations":[{"start":{"line":292,"column":12},"end":{"line":292,"column":50},"skip":true},{"start":{"line":293,"column":12},"end":{"line":293,"column":53},"skip":true}]},"23":{"line":297,"type":"binary-expr","locations":[{"start":{"line":297,"column":12},"end":{"line":297,"column":63},"skip":true},{"start":{"line":298,"column":12},"end":{"line":301,"column":36},"skip":true}]},"24":{"line":303,"type":"binary-expr","locations":[{"start":{"line":303,"column":43},"end":{"line":303,"column":75},"skip":true},{"start":{"line":303,"column":79},"end":{"line":303,"column":81},"skip":true}]},"25":{"line":306,"type":"if","locations":[{"start":{"line":306,"column":8},"end":{"line":306,"column":8},"skip":true},{"start":{"line":306,"column":8},"end":{"line":306,"column":8},"skip":true}]},"26":{"line":310,"type":"if","locations":[{"start":{"line":310,"column":8},"end":{"line":310,"column":8},"skip":true},{"start":{"line":310,"column":8},"end":{"line":310,"column":8},"skip":true}]},"27":{"line":313,"type":"binary-expr","locations":[{"start":{"line":313,"column":27},"end":{"line":313,"column":43},"skip":true},{"start":{"line":313,"column":47},"end":{"line":313,"column":53},"skip":true}]},"28":{"line":317,"type":"if","locations":[{"start":{"line":317,"column":12},"end":{"line":317,"column":12},"skip":true},{"start":{"line":317,"column":12},"end":{"line":317,"column":12},"skip":true}]}},"code":["/*","example.js","","quickstart example","","instruction","    1. save this script as example.js","    2. run the shell command:","        $ npm install npmtest-madge && PORT=8081 node example.js","    3. play with the browser-demo on http://127.0.0.1:8081","*/","","","","/* istanbul instrument in package npmtest_madge */","/*jslint","    bitwise: true,","    browser: true,","    maxerr: 8,","    maxlen: 96,","    node: true,","    nomen: true,","    regexp: true,","    stupid: true","*/","(function () {","    'use strict';","    var local;","","","","    // run shared js-env code - pre-init","    (function () {","        // init local","        local = {};","        // init modeJs","        local.modeJs = (function () {","            try {","                return typeof navigator.userAgent === 'string' &&","                    typeof document.querySelector('body') === 'object' &&","                    typeof XMLHttpRequest.prototype.open === 'function' &&","                    'browser';","            } catch (errorCaughtBrowser) {","                return module.exports &&","                    typeof process.versions.node === 'string' &&","                    typeof require('http').createServer === 'function' &&","                    'node';","            }","        }());","        // init global","        local.global = local.modeJs === 'browser'","            ? window","            : global;","        // init utility2_rollup","        local = local.global.utility2_rollup || (local.modeJs === 'browser'","            ? local.global.utility2_npmtest_madge","            : global.utility2_moduleExports);","        // export local","        local.global.local = local;","    }());","    switch (local.modeJs) {","","","","    // post-init","    // run browser js-env code - post-init","    /* istanbul ignore next */","    case 'browser':","        local.testRunBrowser = function (event) {","            if (!event || (event &&","                    event.currentTarget &&","                    event.currentTarget.className &&","                    event.currentTarget.className.includes &&","                    event.currentTarget.className.includes('onreset'))) {","                // reset output","                Array.from(","                    document.querySelectorAll('body > .resettable')","                ).forEach(function (element) {","                    switch (element.tagName) {","                    case 'INPUT':","                    case 'TEXTAREA':","                        element.value = '';","                        break;","                    default:","                        element.textContent = '';","                    }","                });","            }","            switch (event && event.currentTarget && event.currentTarget.id) {","            case 'testRunButton1':","                // show tests","                if (document.querySelector('#testReportDiv1').style.display === 'none') {","                    document.querySelector('#testReportDiv1').style.display = 'block';","                    document.querySelector('#testRunButton1').textContent =","                        'hide internal test';","                    local.modeTest = true;","                    local.testRunDefault(local);","                // hide tests","                } else {","                    document.querySelector('#testReportDiv1').style.display = 'none';","                    document.querySelector('#testRunButton1').textContent = 'run internal test';","                }","                break;","            // custom-case","            default:","                break;","            }","            if (document.querySelector('#inputTextareaEval1') && (!event || (event &&","                    event.currentTarget &&","                    event.currentTarget.className &&","                    event.currentTarget.className.includes &&","                    event.currentTarget.className.includes('oneval')))) {","                // try to eval input-code","                try {","                    /*jslint evil: true*/","                    eval(document.querySelector('#inputTextareaEval1').value);","                } catch (errorCaught) {","                    console.error(errorCaught);","                }","            }","        };","        // log stderr and stdout to #outputTextareaStdout1","        ['error', 'log'].forEach(function (key) {","            console[key + '_original'] = console[key];","            console[key] = function () {","                var element;","                console[key + '_original'].apply(console, arguments);","                element = document.querySelector('#outputTextareaStdout1');","                if (!element) {","                    return;","                }","                // append text to #outputTextareaStdout1","                element.value += Array.from(arguments).map(function (arg) {","                    return typeof arg === 'string'","                        ? arg","                        : JSON.stringify(arg, null, 4);","                }).join(' ') + '\\n';","                // scroll textarea to bottom","                element.scrollTop = element.scrollHeight;","            };","        });","        // init event-handling","        ['change', 'click', 'keyup'].forEach(function (event) {","            Array.from(document.querySelectorAll('.on' + event)).forEach(function (element) {","                element.addEventListener(event, local.testRunBrowser);","            });","        });","        // run tests","        local.testRunBrowser();","        break;","","","","    // run node js-env code - post-init","    /* istanbul ignore next */","    case 'node':","        // export local","        module.exports = local;","        // require modules","        local.fs = require('fs');","        local.http = require('http');","        local.url = require('url');","        // init assets","        local.assetsDict = local.assetsDict || {};","        /* jslint-ignore-begin */","        local.assetsDict['/assets.index.template.html'] = '\\","<!doctype html>\\n\\","<html lang=\"en\">\\n\\","<head>\\n\\","<meta charset=\"UTF-8\">\\n\\","<meta name=\"viewport\" content=\"width=device-width, initial-scale=1\">\\n\\","<title>{{env.npm_package_name}} (v{{env.npm_package_version}})</title>\\n\\","<style>\\n\\","/*csslint\\n\\","    box-sizing: false,\\n\\","    universal-selector: false\\n\\","*/\\n\\","* {\\n\\","    box-sizing: border-box;\\n\\","}\\n\\","body {\\n\\","    background: #dde;\\n\\","    font-family: Arial, Helvetica, sans-serif;\\n\\","    margin: 2rem;\\n\\","}\\n\\","body > * {\\n\\","    margin-bottom: 1rem;\\n\\","}\\n\\",".utility2FooterDiv {\\n\\","    margin-top: 20px;\\n\\","    text-align: center;\\n\\","}\\n\\","</style>\\n\\","<style>\\n\\","/*csslint\\n\\","*/\\n\\","textarea {\\n\\","    font-family: monospace;\\n\\","    height: 10rem;\\n\\","    width: 100%;\\n\\","}\\n\\","textarea[readonly] {\\n\\","    background: #ddd;\\n\\","}\\n\\","</style>\\n\\","</head>\\n\\","<body>\\n\\","<!-- utility2-comment\\n\\","<div id=\"ajaxProgressDiv1\" style=\"background: #d00; height: 2px; left: 0; margin: 0; padding: 0; position: fixed; top: 0; transition: background 0.5s, width 1.5s; width: 25%;\"></div>\\n\\","utility2-comment -->\\n\\","<h1>\\n\\","<!-- utility2-comment\\n\\","    <a\\n\\","        {{#if env.npm_package_homepage}}\\n\\","        href=\"{{env.npm_package_homepage}}\"\\n\\","        {{/if env.npm_package_homepage}}\\n\\","        target=\"_blank\"\\n\\","    >\\n\\","utility2-comment -->\\n\\","        {{env.npm_package_name}} (v{{env.npm_package_version}})\\n\\","<!-- utility2-comment\\n\\","    </a>\\n\\","utility2-comment -->\\n\\","</h1>\\n\\","<h3>{{env.npm_package_description}}</h3>\\n\\","<!-- utility2-comment\\n\\","<h4><a download href=\"assets.app.js\">download standalone app</a></h4>\\n\\","<button class=\"onclick onreset\" id=\"testRunButton1\">run internal test</button><br>\\n\\","<div id=\"testReportDiv1\" style=\"display: none;\"></div>\\n\\","utility2-comment -->\\n\\","\\n\\","\\n\\","\\n\\","<label>stderr and stdout</label>\\n\\","<textarea class=\"resettable\" id=\"outputTextareaStdout1\" readonly></textarea>\\n\\","<!-- utility2-comment\\n\\","{{#if isRollup}}\\n\\","<script src=\"assets.app.js\"></script>\\n\\","{{#unless isRollup}}\\n\\","utility2-comment -->\\n\\","<script src=\"assets.utility2.rollup.js\"></script>\\n\\","<script src=\"jsonp.utility2._stateInit?callback=window.utility2._stateInit\"></script>\\n\\","<script src=\"assets.npmtest_madge.rollup.js\"></script>\\n\\","<script src=\"assets.example.js\"></script>\\n\\","<script src=\"assets.test.js\"></script>\\n\\","<!-- utility2-comment\\n\\","{{/if isRollup}}\\n\\","utility2-comment -->\\n\\","<div class=\"utility2FooterDiv\">\\n\\","    [ this app was created with\\n\\","    <a href=\"https://github.com/kaizhu256/node-utility2\" target=\"_blank\">utility2</a>\\n\\","    ]\\n\\","</div>\\n\\","</body>\\n\\","</html>\\n\\","';","        /* jslint-ignore-end */","        if (local.templateRender) {","            local.assetsDict['/'] = local.templateRender(","                local.assetsDict['/assets.index.template.html'],","                {","                    env: local.objectSetDefault(local.env, {","                        npm_package_description: 'the greatest app in the world!',","                        npm_package_name: 'my-app',","                        npm_package_nameAlias: 'my_app',","                        npm_package_version: '0.0.1'","                    })","                }","            );","        } else {","            local.assetsDict['/'] = local.assetsDict['/assets.index.template.html']","                .replace((/\\{\\{env\\.(\\w+?)\\}\\}/g), function (match0, match1) {","                    // jslint-hack","                    String(match0);","                    switch (match1) {","                    case 'npm_package_description':","                        return 'the greatest app in the world!';","                    case 'npm_package_name':","                        return 'my-app';","                    case 'npm_package_nameAlias':","                        return 'my_app';","                    case 'npm_package_version':","                        return '0.0.1';","                    }","                });","        }","        // run the cli","        if (local.global.utility2_rollup || module !== require.main) {","            break;","        }","        local.assetsDict['/assets.example.js'] =","            local.assetsDict['/assets.example.js'] ||","            local.fs.readFileSync(__filename, 'utf8');","        // bug-workaround - long $npm_package_buildCustomOrg","        /* jslint-ignore-begin */","        local.assetsDict['/assets.npmtest_madge.rollup.js'] =","            local.assetsDict['/assets.npmtest_madge.rollup.js'] ||","            local.fs.readFileSync(","                local.npmtest_madge.__dirname + '/lib.npmtest_madge.js',","                'utf8'","            ).replace((/^#!/), '//');","        /* jslint-ignore-end */","        local.assetsDict['/favicon.ico'] = local.assetsDict['/favicon.ico'] || '';","        // if $npm_config_timeout_exit exists,","        // then exit this process after $npm_config_timeout_exit ms","        if (Number(process.env.npm_config_timeout_exit)) {","            setTimeout(process.exit, Number(process.env.npm_config_timeout_exit));","        }","        // start server","        if (local.global.utility2_serverHttp1) {","            break;","        }","        process.env.PORT = process.env.PORT || '8081';","        console.error('server starting on port ' + process.env.PORT);","        local.http.createServer(function (request, response) {","            request.urlParsed = local.url.parse(request.url);","            if (local.assetsDict[request.urlParsed.pathname] !== undefined) {","                response.end(local.assetsDict[request.urlParsed.pathname]);","                return;","            }","            response.statusCode = 404;","            response.end();","        }).listen(process.env.PORT);","        break;","    }","}());",""],"l":{"26":2,"28":2,"33":2,"35":2,"37":2,"38":2,"39":2,"44":1,"51":2,"55":2,"59":2,"61":2,"69":1,"70":2,"76":2,"79":2,"82":2,"83":2,"85":1,"89":2,"92":1,"93":1,"94":1,"96":1,"97":1,"100":1,"101":1,"103":1,"106":1,"108":2,"114":1,"116":1,"118":1,"123":1,"124":2,"125":2,"126":3,"127":3,"128":3,"129":3,"130":1,"133":3,"134":3,"139":3,"143":1,"144":3,"145":1,"149":1,"150":1,"158":1,"160":1,"161":1,"162":1,"164":1,"166":1,"258":1,"259":1,"271":1,"274":6,"275":6,"277":1,"279":2,"281":1,"283":2,"288":1,"289":1,"291":1,"296":1,"303":1,"306":1,"307":1,"310":1,"311":1,"313":1,"314":1,"315":1,"316":1,"317":1,"318":1,"319":1,"321":1,"322":1,"324":1}},"/home/travis/build/npmtest/node-npmtest-madge/node_modules/madge/lib/api.js":{"path":"/home/travis/build/npmtest/node-npmtest-madge/node_modules/madge/lib/api.js","s":{"1":1,"2":1,"3":1,"4":1,"5":1,"6":1,"7":1,"8":0,"9":1,"10":1,"11":0,"12":0,"13":0,"14":1,"15":0,"16":1,"17":0,"18":0,"19":0,"20":0,"21":0,"22":0,"23":0,"24":0,"25":0,"26":0,"27":0,"28":0,"29":0,"30":0,"31":0,"32":0,"33":0,"34":0,"35":0,"36":0,"37":0,"38":0,"39":0,"40":1,"41":1},"b":{"1":[0,1],"2":[0,1],"3":[1,1],"4":[0,1],"5":[0,0],"6":[0,0],"7":[0,0]},"f":{"1":1,"2":0,"3":0,"4":0,"5":0,"6":0,"7":0,"8":0},"fnMap":{"1":{"name":"(anonymous_1)","line":38,"loc":{"start":{"line":38,"column":12},"end":{"line":38,"column":27}}},"2":{"name":"(anonymous_2)","line":69,"loc":{"start":{"line":69,"column":4},"end":{"line":69,"column":7}}},"3":{"name":"(anonymous_3)","line":83,"loc":{"start":{"line":83,"column":9},"end":{"line":83,"column":12}}},"4":{"name":"(anonymous_4)","line":94,"loc":{"start":{"line":94,"column":9},"end":{"line":94,"column":12}}},"5":{"name":"(anonymous_5)","line":110,"loc":{"start":{"line":110,"column":8},"end":{"line":110,"column":13}}},"6":{"name":"(anonymous_6)","line":123,"loc":{"start":{"line":123,"column":4},"end":{"line":123,"column":7}}},"7":{"name":"(anonymous_7)","line":133,"loc":{"start":{"line":133,"column":6},"end":{"line":133,"column":18}}},"8":{"name":"(anonymous_8)","line":146,"loc":{"start":{"line":146,"column":9},"end":{"line":146,"column":14}}}},"statementMap":{"1":{"start":{"line":3,"column":0},"end":{"line":3,"column":31}},"2":{"start":{"line":4,"column":0},"end":{"line":4,"column":35}},"3":{"start":{"line":5,"column":0},"end":{"line":5,"column":33}},"4":{"start":{"line":6,"column":0},"end":{"line":6,"column":29}},"5":{"start":{"line":8,"column":0},"end":{"line":27,"column":2}},"6":{"start":{"line":39,"column":2},"end":{"line":39,"column":20}},"7":{"start":{"line":41,"column":2},"end":{"line":43,"column":3}},"8":{"start":{"line":42,"column":3},"end":{"line":42,"column":49}},"9":{"start":{"line":45,"column":2},"end":{"line":45,"column":57}},"10":{"start":{"line":47,"column":2},"end":{"line":51,"column":3}},"11":{"start":{"line":48,"column":3},"end":{"line":48,"column":20}},"12":{"start":{"line":49,"column":3},"end":{"line":49,"column":41}},"13":{"start":{"line":50,"column":3},"end":{"line":50,"column":32}},"14":{"start":{"line":53,"column":2},"end":{"line":55,"column":3}},"15":{"start":{"line":54,"column":3},"end":{"line":54,"column":17}},"16":{"start":{"line":57,"column":2},"end":{"line":61,"column":5}},"17":{"start":{"line":58,"column":3},"end":{"line":58,"column":24}},"18":{"start":{"line":59,"column":3},"end":{"line":59,"column":30}},"19":{"start":{"line":60,"column":3},"end":{"line":60,"column":15}},"20":{"start":{"line":70,"column":2},"end":{"line":75,"column":10}},"21":{"start":{"line":73,"column":4},"end":{"line":73,"column":76}},"22":{"start":{"line":73,"column":56},"end":{"line":73,"column":74}},"23":{"start":{"line":74,"column":4},"end":{"line":74,"column":15}},"24":{"start":{"line":84,"column":2},"end":{"line":86,"column":4}},"25":{"start":{"line":95,"column":2},"end":{"line":95,"column":37}},"26":{"start":{"line":97,"column":2},"end":{"line":99,"column":5}},"27":{"start":{"line":98,"column":3},"end":{"line":98,"column":58}},"28":{"start":{"line":98,"column":38},"end":{"line":98,"column":56}},"29":{"start":{"line":101,"column":2},"end":{"line":101,"column":18}},"30":{"start":{"line":111,"column":2},"end":{"line":111,"column":26}},"31":{"start":{"line":113,"column":2},"end":{"line":115,"column":48}},"32":{"start":{"line":115,"column":20},"end":{"line":115,"column":46}},"33":{"start":{"line":124,"column":2},"end":{"line":124,"column":44}},"34":{"start":{"line":134,"column":2},"end":{"line":136,"column":3}},"35":{"start":{"line":135,"column":3},"end":{"line":135,"column":62}},"36":{"start":{"line":138,"column":2},"end":{"line":138,"column":74}},"37":{"start":{"line":147,"column":2},"end":{"line":149,"column":3}},"38":{"start":{"line":148,"column":3},"end":{"line":148,"column":13}},"39":{"start":{"line":151,"column":2},"end":{"line":151,"column":49}},"40":{"start":{"line":161,"column":0},"end":{"line":161,"column":59}},"41":{"start":{"line":161,"column":35},"end":{"line":161,"column":58}}},"branchMap":{"1":{"line":41,"type":"if","locations":[{"start":{"line":41,"column":2},"end":{"line":41,"column":2}},{"start":{"line":41,"column":2},"end":{"line":41,"column":2}}]},"2":{"line":47,"type":"if","locations":[{"start":{"line":47,"column":2},"end":{"line":47,"column":2}},{"start":{"line":47,"column":2},"end":{"line":47,"column":2}}]},"3":{"line":47,"type":"binary-expr","locations":[{"start":{"line":47,"column":6},"end":{"line":47,"column":30}},{"start":{"line":47,"column":34},"end":{"line":47,"column":54}}]},"4":{"line":53,"type":"if","locations":[{"start":{"line":53,"column":2},"end":{"line":53,"column":2}},{"start":{"line":53,"column":2},"end":{"line":53,"column":2}}]},"5":{"line":134,"type":"if","locations":[{"start":{"line":134,"column":2},"end":{"line":134,"column":2}},{"start":{"line":134,"column":2},"end":{"line":134,"column":2}}]},"6":{"line":147,"type":"if","locations":[{"start":{"line":147,"column":2},"end":{"line":147,"column":2}},{"start":{"line":147,"column":2},"end":{"line":147,"column":2}}]},"7":{"line":151,"type":"binary-expr","locations":[{"start":{"line":151,"column":9},"end":{"line":151,"column":42}},{"start":{"line":151,"column":46},"end":{"line":151,"column":48}}]}},"code":["'use strict';","","const tree = require('./tree');","const cyclic = require('./cyclic');","const graph = require('./graph');","const log = require('./log');","","const defaultConfig = {","\tbaseDir: null,","\texcludeRegExp: false,","\textensions: ['js'],","\tshowFileExtension: false,","\tincludeNpm: false,","\trequireConfig: null,","\twebpackConfig: null,","\tlayout: 'dot',","\tfontName: 'Arial',","\tfontSize: '14px',","\tbackgroundColor: '#000000',","\tnodeColor: '#c6c5fe',","\tnoDependencyColor: '#cfffac',","\tcyclicNodeColor: '#ff6c60',","\tedgeColor: '#757575',","\tgraphVizOptions: false,","\tgraphVizPath: false,","\tdependencyFilter: false","};","","class Madge {","\t/**","\t * Class constructor.","\t * @constructor","\t * @api public","\t * @param {String|Array|Object} path","\t * @param {Object} config","\t * @return {Promise}","\t */","\tconstructor(path, config) {","\t\tthis.skipped = [];","","\t\tif (!path) {","\t\t\tthrow new Error('path argument not provided');","\t\t}","","\t\tthis.config = Object.assign({}, defaultConfig, config);","","\t\tif (typeof path === 'object' && !Array.isArray(path)) {","\t\t\tthis.tree = path;","\t\t\tlog('using predefined tree %o', path);","\t\t\treturn Promise.resolve(this);","\t\t}","","\t\tif (typeof path === 'string') {","\t\t\tpath = [path];","\t\t}","","\t\treturn tree(path, this.config).then((res) => {","\t\t\tthis.tree = res.tree;","\t\t\tthis.skipped = res.skipped;","\t\t\treturn this;","\t\t});","\t}","","\t/**","\t * Return the module dependency graph as an object.","\t * @api public","\t * @return {Object}","\t */","\tobj() {","\t\treturn Object","\t\t\t.keys(this.tree)","\t\t\t.reduce((acc, id) => {","\t\t\t\tacc[this.stripExt(id)] = this.tree[id].map((dep) => this.stripExt(dep));","\t\t\t\treturn acc;","\t\t\t}, {});","\t}","","\t/**","\t * Return produced warnings.","\t * @api public","\t * @return {Array}","\t */","\twarnings() {","\t\treturn {","\t\t\tskipped: this.skipped","\t\t};","\t}","","\t/**","\t * Return the modules that has circular dependencies.","\t * @api public","\t * @return {Object}","\t */","\tcircular() {","\t\tconst circular = cyclic(this.tree);","","\t\tcircular.forEach((paths, idx) => {","\t\t\tcircular[idx] = paths.map((dep) => this.stripExt(dep));","\t\t});","","\t\treturn circular;","\t}","","\t/**","\t * Return a list of modules that depends on the given module.","\t * @api public","\t * @param  {String} id","\t * @return {Array}","\t */","\tdepends(id) {","\t\tconst tree = this.obj();","","\t\treturn Object","\t\t\t.keys(tree)","\t\t\t.filter((dep) => tree[dep].indexOf(id) >= 0);","\t}","","\t/**","\t * Return the module dependency graph as DOT output.","\t * @api public","\t * @return {Promise}","\t */","\tdot() {","\t\treturn graph.dot(this.obj(), this.config);","\t}","","\t/**","\t * Write dependency graph to image.","\t * @api public","\t * @param  {String} imagePath","\t * @return {Promise}","\t */","\timage(imagePath) {","\t\tif (!imagePath) {","\t\t\treturn Promise.reject(new Error('imagePath not provided'));","\t\t}","","\t\treturn graph.image(this.obj(), this.circular(), imagePath, this.config);","\t}","","\t/**","\t * Remove file extension from the given module id","\t * @param  {String} id","\t * @return {String}","\t */","\tstripExt(id) {","\t\tif (this.config.showFileExtension) {","\t\t\treturn id;","\t\t}","","\t\treturn id.substr(0, id.lastIndexOf('.')) || id;","\t}","}","","/**"," * Expose API."," * @param {String|Array} path"," * @param {Object} config"," * @return {Promise}"," */","module.exports = (path, config) => new Madge(path, config);",""],"l":{"3":1,"4":1,"5":1,"6":1,"8":1,"39":1,"41":1,"42":0,"45":1,"47":1,"48":0,"49":0,"50":0,"53":1,"54":0,"57":1,"58":0,"59":0,"60":0,"70":0,"73":0,"74":0,"84":0,"95":0,"97":0,"98":0,"101":0,"111":0,"113":0,"115":0,"124":0,"134":0,"135":0,"138":0,"147":0,"148":0,"151":0,"161":1}},"/home/travis/build/npmtest/node-npmtest-madge/node_modules/madge/lib/tree.js":{"path":"/home/travis/build/npmtest/node-npmtest-madge/node_modules/madge/lib/tree.js","s":{"1":1,"2":1,"3":1,"4":1,"5":1,"6":1,"7":1,"8":1,"9":1,"10":0,"11":1,"12":1,"13":1,"14":1,"15":1,"16":0,"17":1,"18":0,"19":1,"20":0,"21":0,"22":0,"23":0,"24":0,"25":0,"26":0,"27":0,"28":0,"29":0,"30":0,"31":0,"32":0,"33":0,"34":0,"35":0,"36":0,"37":0,"38":0,"39":0,"40":0,"41":0,"42":0,"43":0,"44":0,"45":0,"46":0,"47":0,"48":0,"49":0,"50":0,"51":0,"52":0,"53":0,"54":0,"55":0,"56":0,"57":0,"58":0,"59":0,"60":0,"61":0,"62":0,"63":0,"64":0,"65":0,"66":0,"67":0,"68":0,"69":0,"70":0,"71":0,"72":0,"73":0,"74":0,"75":0,"76":0,"77":0,"78":1,"79":0,"80":0,"81":0,"82":0,"83":0,"84":0,"85":0,"86":0,"87":0,"88":0,"89":1,"90":1},"b":{"1":[0,1],"2":[0,0],"3":[0,0],"4":[0,0],"5":[0,0],"6":[0,0],"7":[0,0],"8":[0,0],"9":[0,0],"10":[0,0],"11":[0,0],"12":[0,0],"13":[0,0,0],"14":[0,0],"15":[0,0],"16":[0,0],"17":[0,0],"18":[0,0],"19":[0,0]},"f":{"1":1,"2":1,"3":1,"4":0,"5":0,"6":0,"7":0,"8":0,"9":0,"10":0,"11":0},"fnMap":{"1":{"name":"(anonymous_1)","line":26,"loc":{"start":{"line":26,"column":12},"end":{"line":26,"column":31}}},"2":{"name":"(anonymous_2)","line":43,"loc":{"start":{"line":43,"column":11},"end":{"line":43,"column":18}}},"3":{"name":"(anonymous_3)","line":57,"loc":{"start":{"line":57,"column":8},"end":{"line":57,"column":11}}},"4":{"name":"(anonymous_4)","line":70,"loc":{"start":{"line":70,"column":9},"end":{"line":70,"column":12}}},"5":{"name":"(anonymous_5)","line":104,"loc":{"start":{"line":104,"column":13},"end":{"line":104,"column":21}}},"6":{"name":"(anonymous_6)","line":169,"loc":{"start":{"line":169,"column":12},"end":{"line":169,"column":39}}},"7":{"name":"(anonymous_7)","line":193,"loc":{"start":{"line":193,"column":12},"end":{"line":193,"column":29}}},"8":{"name":"(anonymous_8)","line":214,"loc":{"start":{"line":214,"column":10},"end":{"line":214,"column":17}}},"9":{"name":"(anonymous_9)","line":224,"loc":{"start":{"line":224,"column":8},"end":{"line":224,"column":30}}},"10":{"name":"regExpFilter","line":228,"loc":{"start":{"line":228,"column":2},"end":{"line":228,"column":28}}},"11":{"name":"(anonymous_11)","line":250,"loc":{"start":{"line":250,"column":5},"end":{"line":250,"column":12}}}},"statementMap":{"1":{"start":{"line":3,"column":0},"end":{"line":3,"column":25}},"2":{"start":{"line":4,"column":0},"end":{"line":4,"column":28}},"3":{"start":{"line":5,"column":0},"end":{"line":5,"column":29}},"4":{"start":{"line":6,"column":0},"end":{"line":6,"column":39}},"5":{"start":{"line":7,"column":0},"end":{"line":7,"column":32}},"6":{"start":{"line":8,"column":0},"end":{"line":8,"column":50}},"7":{"start":{"line":9,"column":0},"end":{"line":9,"column":29}},"8":{"start":{"line":15,"column":0},"end":{"line":15,"column":42}},"9":{"start":{"line":27,"column":2},"end":{"line":27,"column":55}},"10":{"start":{"line":27,"column":38},"end":{"line":27,"column":53}},"11":{"start":{"line":28,"column":2},"end":{"line":28,"column":43}},"12":{"start":{"line":30,"column":2},"end":{"line":30,"column":23}},"13":{"start":{"line":31,"column":2},"end":{"line":31,"column":38}},"14":{"start":{"line":33,"column":2},"end":{"line":36,"column":39}},"15":{"start":{"line":44,"column":2},"end":{"line":48,"column":3}},"16":{"start":{"line":45,"column":3},"end":{"line":45,"column":52}},"17":{"start":{"line":47,"column":3},"end":{"line":47,"column":34}},"18":{"start":{"line":50,"column":2},"end":{"line":50,"column":47}},"19":{"start":{"line":58,"column":2},"end":{"line":63,"column":7}},"20":{"start":{"line":60,"column":4},"end":{"line":62,"column":91}},"21":{"start":{"line":62,"column":22},"end":{"line":62,"column":89}},"22":{"start":{"line":71,"column":2},"end":{"line":71,"column":19}},"23":{"start":{"line":73,"column":2},"end":{"line":96,"column":22}},"24":{"start":{"line":75,"column":4},"end":{"line":94,"column":8}},"25":{"start":{"line":78,"column":6},"end":{"line":81,"column":7}},"26":{"start":{"line":79,"column":7},"end":{"line":79,"column":41}},"27":{"start":{"line":80,"column":7},"end":{"line":80,"column":14}},"28":{"start":{"line":83,"column":6},"end":{"line":93,"column":9}},"29":{"start":{"line":84,"column":7},"end":{"line":86,"column":8}},"30":{"start":{"line":85,"column":8},"end":{"line":85,"column":15}},"31":{"start":{"line":88,"column":7},"end":{"line":88,"column":59}},"32":{"start":{"line":90,"column":7},"end":{"line":92,"column":8}},"33":{"start":{"line":91,"column":8},"end":{"line":91,"column":29}},"34":{"start":{"line":96,"column":15},"end":{"line":96,"column":20}},"35":{"start":{"line":105,"column":2},"end":{"line":105,"column":21}},"36":{"start":{"line":106,"column":2},"end":{"line":106,"column":21}},"37":{"start":{"line":107,"column":2},"end":{"line":107,"column":25}},"38":{"start":{"line":108,"column":2},"end":{"line":108,"column":22}},"39":{"start":{"line":109,"column":2},"end":{"line":109,"column":23}},"40":{"start":{"line":111,"column":2},"end":{"line":139,"column":5}},"41":{"start":{"line":112,"column":3},"end":{"line":114,"column":4}},"42":{"start":{"line":113,"column":4},"end":{"line":113,"column":11}},"43":{"start":{"line":116,"column":3},"end":{"line":138,"column":7}},"44":{"start":{"line":123,"column":5},"end":{"line":123,"column":36}},"45":{"start":{"line":124,"column":5},"end":{"line":124,"column":58}},"46":{"start":{"line":126,"column":5},"end":{"line":128,"column":6}},"47":{"start":{"line":127,"column":6},"end":{"line":127,"column":110}},"48":{"start":{"line":130,"column":5},"end":{"line":132,"column":6}},"49":{"start":{"line":131,"column":6},"end":{"line":131,"column":97}},"50":{"start":{"line":134,"column":5},"end":{"line":134,"column":85}},"51":{"start":{"line":141,"column":2},"end":{"line":141,"column":64}},"52":{"start":{"line":143,"column":2},"end":{"line":149,"column":3}},"53":{"start":{"line":144,"column":3},"end":{"line":144,"column":50}},"54":{"start":{"line":146,"column":3},"end":{"line":148,"column":6}},"55":{"start":{"line":147,"column":4},"end":{"line":147,"column":56}},"56":{"start":{"line":151,"column":2},"end":{"line":153,"column":3}},"57":{"start":{"line":152,"column":3},"end":{"line":152,"column":56}},"58":{"start":{"line":155,"column":2},"end":{"line":158,"column":4}},"59":{"start":{"line":170,"column":2},"end":{"line":182,"column":3}},"60":{"start":{"line":171,"column":3},"end":{"line":171,"column":47}},"61":{"start":{"line":173,"column":3},"end":{"line":179,"column":4}},"62":{"start":{"line":174,"column":4},"end":{"line":174,"column":18}},"63":{"start":{"line":176,"column":4},"end":{"line":178,"column":5}},"64":{"start":{"line":177,"column":5},"end":{"line":177,"column":53}},"65":{"start":{"line":181,"column":3},"end":{"line":181,"column":51}},"66":{"start":{"line":184,"column":2},"end":{"line":184,"column":14}},"67":{"start":{"line":194,"column":2},"end":{"line":196,"column":3}},"68":{"start":{"line":195,"column":3},"end":{"line":195,"column":25}},"69":{"start":{"line":198,"column":2},"end":{"line":198,"column":53}},"70":{"start":{"line":200,"column":2},"end":{"line":202,"column":3}},"71":{"start":{"line":201,"column":3},"end":{"line":201,"column":41}},"72":{"start":{"line":204,"column":2},"end":{"line":204,"column":27}},"73":{"start":{"line":206,"column":2},"end":{"line":206,"column":17}},"74":{"start":{"line":215,"column":2},"end":{"line":215,"column":43}},"75":{"start":{"line":225,"column":2},"end":{"line":225,"column":63}},"76":{"start":{"line":225,"column":47},"end":{"line":225,"column":61}},"77":{"start":{"line":226,"column":2},"end":{"line":226,"column":29}},"78":{"start":{"line":228,"column":2},"end":{"line":234,"column":3}},"79":{"start":{"line":229,"column":3},"end":{"line":231,"column":4}},"80":{"start":{"line":230,"column":4},"end":{"line":230,"column":49}},"81":{"start":{"line":233,"column":3},"end":{"line":233,"column":64}},"82":{"start":{"line":233,"column":43},"end":{"line":233,"column":58}},"83":{"start":{"line":236,"column":2},"end":{"line":242,"column":10}},"84":{"start":{"line":240,"column":4},"end":{"line":240,"column":44}},"85":{"start":{"line":241,"column":4},"end":{"line":241,"column":15}},"86":{"start":{"line":251,"column":2},"end":{"line":257,"column":10}},"87":{"start":{"line":255,"column":4},"end":{"line":255,"column":30}},"88":{"start":{"line":256,"column":4},"end":{"line":256,"column":15}},"89":{"start":{"line":267,"column":0},"end":{"line":267,"column":66}},"90":{"start":{"line":267,"column":39},"end":{"line":267,"column":65}}},"branchMap":{"1":{"line":44,"type":"if","locations":[{"start":{"line":44,"column":2},"end":{"line":44,"column":2}},{"start":{"line":44,"column":2},"end":{"line":44,"column":2}}]},"2":{"line":62,"type":"cond-expr","locations":[{"start":{"line":62,"column":44},"end":{"line":62,"column":51}},{"start":{"line":62,"column":54},"end":{"line":62,"column":89}}]},"3":{"line":78,"type":"if","locations":[{"start":{"line":78,"column":6},"end":{"line":78,"column":6}},{"start":{"line":78,"column":6},"end":{"line":78,"column":6}}]},"4":{"line":84,"type":"if","locations":[{"start":{"line":84,"column":7},"end":{"line":84,"column":7}},{"start":{"line":84,"column":7},"end":{"line":84,"column":7}}]},"5":{"line":84,"type":"binary-expr","locations":[{"start":{"line":84,"column":11},"end":{"line":84,"column":35}},{"start":{"line":84,"column":39},"end":{"line":84,"column":53}}]},"6":{"line":90,"type":"if","locations":[{"start":{"line":90,"column":7},"end":{"line":90,"column":7}},{"start":{"line":90,"column":7},"end":{"line":90,"column":7}}]},"7":{"line":90,"type":"binary-expr","locations":[{"start":{"line":90,"column":11},"end":{"line":90,"column":38}},{"start":{"line":90,"column":42},"end":{"line":90,"column":82}}]},"8":{"line":112,"type":"if","locations":[{"start":{"line":112,"column":3},"end":{"line":112,"column":3}},{"start":{"line":112,"column":3},"end":{"line":112,"column":3}}]},"9":{"line":126,"type":"if","locations":[{"start":{"line":126,"column":5},"end":{"line":126,"column":5}},{"start":{"line":126,"column":5},"end":{"line":126,"column":5}}]},"10":{"line":130,"type":"if","locations":[{"start":{"line":130,"column":5},"end":{"line":130,"column":5}},{"start":{"line":130,"column":5},"end":{"line":130,"column":5}}]},"11":{"line":130,"type":"binary-expr","locations":[{"start":{"line":130,"column":9},"end":{"line":130,"column":31}},{"start":{"line":130,"column":35},"end":{"line":130,"column":44}}]},"12":{"line":131,"type":"binary-expr","locations":[{"start":{"line":131,"column":37},"end":{"line":131,"column":64}},{"start":{"line":131,"column":68},"end":{"line":131,"column":70}}]},"13":{"line":134,"type":"binary-expr","locations":[{"start":{"line":134,"column":12},"end":{"line":134,"column":22}},{"start":{"line":134,"column":27},"end":{"line":134,"column":46}},{"start":{"line":134,"column":50},"end":{"line":134,"column":83}}]},"14":{"line":151,"type":"if","locations":[{"start":{"line":151,"column":2},"end":{"line":151,"column":2}},{"start":{"line":151,"column":2},"end":{"line":151,"column":2}}]},"15":{"line":173,"type":"if","locations":[{"start":{"line":173,"column":3},"end":{"line":173,"column":3}},{"start":{"line":173,"column":3},"end":{"line":173,"column":3}}]},"16":{"line":194,"type":"if","locations":[{"start":{"line":194,"column":2},"end":{"line":194,"column":2}},{"start":{"line":194,"column":2},"end":{"line":194,"column":2}}]},"17":{"line":200,"type":"if","locations":[{"start":{"line":200,"column":2},"end":{"line":200,"column":2}},{"start":{"line":200,"column":2},"end":{"line":200,"column":2}}]},"18":{"line":229,"type":"if","locations":[{"start":{"line":229,"column":3},"end":{"line":229,"column":3}},{"start":{"line":229,"column":3},"end":{"line":229,"column":3}}]},"19":{"line":230,"type":"binary-expr","locations":[{"start":{"line":230,"column":9},"end":{"line":230,"column":42}},{"start":{"line":230,"column":46},"end":{"line":230,"column":48}}]}},"code":["'use strict';","","const os = require('os');","const fs = require('mz/fs');","const path = require('path');","const commondir = require('commondir');","const walk = require('walkdir');","const dependencyTree = require('dependency-tree');","const log = require('./log');","","/**"," * Check if running on Windows."," * @type {Boolean}"," */","const isWin = (os.platform() === 'win32');","","class Tree {","\t/**","\t * Class constructor.","\t * @constructor","\t * @api public","\t * @param {Array} srcPaths","\t * @param {Object} config","\t * @return {Promise}","\t */","\tconstructor(srcPaths, config) {","\t\tthis.srcPaths = srcPaths.map((s) => path.resolve(s));","\t\tlog('using src paths %o', this.srcPaths);","","\t\tthis.config = config;","\t\tlog('using config %o', this.config);","","\t\treturn this.getDirs()","\t\t\t.then(this.setBaseDir.bind(this))","\t\t\t.then(this.getFiles.bind(this))","\t\t\t.then(this.generateTree.bind(this));","\t}","","\t/**","\t * Set the base directory (compute the common one if multiple).","\t * @param {Array} dirs","\t */","\tsetBaseDir(dirs) {","\t\tif (this.config.baseDir) {","\t\t\tthis.baseDir = path.resolve(this.config.baseDir);","\t\t} else {","\t\t\tthis.baseDir = commondir(dirs);","\t\t}","","\t\tlog('using base directory %s', this.baseDir);","\t}","","\t/**","\t * Get directories from the source paths","\t * @return {Promise} resolved with an array of directories","\t */","\tgetDirs() {","\t\treturn Promise","\t\t\t.all(this.srcPaths.map((srcPath) => {","\t\t\t\treturn fs","\t\t\t\t\t.stat(srcPath)","\t\t\t\t\t.then((stats) => stats.isDirectory() ? srcPath : path.dirname(path.resolve(srcPath)));","\t\t\t}));","\t}","","\t/**","\t * Get all files found from the source paths","\t * @return {Promise} resolved with an array of files","\t */","\tgetFiles() {","\t\tconst files = [];","","\t\treturn Promise","\t\t\t.all(this.srcPaths.map((srcPath) => {","\t\t\t\treturn fs","\t\t\t\t\t.stat(srcPath)","\t\t\t\t\t.then((stats) => {","\t\t\t\t\t\tif (stats.isFile()) {","\t\t\t\t\t\t\tfiles.push(path.resolve(srcPath));","\t\t\t\t\t\t\treturn;","\t\t\t\t\t\t}","","\t\t\t\t\t\twalk.sync(srcPath, (filePath, stat) => {","\t\t\t\t\t\t\tif (this.isNpmPath(filePath) || !stat.isFile()) {","\t\t\t\t\t\t\t\treturn;","\t\t\t\t\t\t\t}","","\t\t\t\t\t\t\tconst ext = path.extname(filePath).replace('.', '');","","\t\t\t\t\t\t\tif (files.indexOf(filePath) < 0 && this.config.extensions.indexOf(ext) >= 0) {","\t\t\t\t\t\t\t\tfiles.push(filePath);","\t\t\t\t\t\t\t}","\t\t\t\t\t\t});","\t\t\t\t\t});","\t\t\t}))","\t\t\t.then(() => files);","\t}","","\t/**","\t * Generate the tree from the given files","\t * @param  {Array} files","\t * @return {Object}","\t */","\tgenerateTree(files) {","\t\tconst depTree = {};","\t\tconst visited = {};","\t\tconst nonExistent = [];","\t\tconst npmPaths = {};","\t\tconst pathCache = {};","","\t\tfiles.forEach((file) => {","\t\t\tif (visited[file]) {","\t\t\t\treturn;","\t\t\t}","","\t\t\tObject.assign(depTree, dependencyTree({","\t\t\t\tfilename: file,","\t\t\t\tdirectory: this.baseDir,","\t\t\t\trequireConfig: this.config.requireConfig,","\t\t\t\twebpackConfig: this.config.webpackConfig,","\t\t\t\tvisited: visited,","\t\t\t\tfilter: (dependencyFilePath, traversedFilePath) => {","\t\t\t\t\tlet dependencyFilterRes = true;","\t\t\t\t\tconst isNpmPath = this.isNpmPath(dependencyFilePath);","","\t\t\t\t\tif (this.config.dependencyFilter) {","\t\t\t\t\t\tdependencyFilterRes = this.config.dependencyFilter(dependencyFilePath, traversedFilePath, this.baseDir);","\t\t\t\t\t}","","\t\t\t\t\tif (this.config.includeNpm && isNpmPath) {","\t\t\t\t\t\t(npmPaths[traversedFilePath] = npmPaths[traversedFilePath] || []).push(dependencyFilePath);","\t\t\t\t\t}","","\t\t\t\t\treturn !isNpmPath && (dependencyFilterRes || dependencyFilterRes === undefined);","\t\t\t\t},","\t\t\t\tdetective: this.config.detectiveOptions,","\t\t\t\tnonExistent: nonExistent","\t\t\t}));","\t\t});","","\t\tlet tree = this.convertTree(depTree, {}, pathCache, npmPaths);","","\t\tfor (const npmKey in npmPaths) {","\t\t\tconst id = this.processPath(npmKey, pathCache);","","\t\t\tnpmPaths[npmKey].forEach((npmPath) => {","\t\t\t\ttree[id].push(this.processPath(npmPath, pathCache));","\t\t\t});","\t\t}","","\t\tif (this.config.excludeRegExp) {","\t\t\ttree = this.exclude(tree, this.config.excludeRegExp);","\t\t}","","\t\treturn {","\t\t\ttree: this.sort(tree),","\t\t\tskipped: nonExistent","\t\t};","\t}","","\t/**","\t * Convert deep tree produced by dependency-tree to a","\t * shallow (one level deep) tree used by madge.","\t * @param  {Object} depTree","\t * @param  {Object} tree","\t * @param  {Object} pathCache","\t * @return {Object}","\t */","\tconvertTree(depTree, tree, pathCache) {","\t\tfor (const key in depTree) {","\t\t\tconst id = this.processPath(key, pathCache);","","\t\t\tif (!tree[id]) {","\t\t\t\ttree[id] = [];","","\t\t\t\tfor (const dep in depTree[key]) {","\t\t\t\t\ttree[id].push(this.processPath(dep, pathCache));","\t\t\t\t}","\t\t\t}","","\t\t\tthis.convertTree(depTree[key], tree, pathCache);","\t\t}","","\t\treturn tree;","\t}","","\t/**","\t * Process absolute path and return a shorter one.","\t * @param  {String} absPath","\t * @param  {Object} cache","\t * @return {String}","\t */","\tprocessPath(absPath, cache) {","\t\tif (cache[absPath]) {","\t\t\treturn cache[absPath];","\t\t}","","\t\tlet relPath = path.relative(this.baseDir, absPath);","","\t\tif (isWin) {","\t\t\trelPath = relPath.replace(/\\\\/g, '/');","\t\t}","","\t\tcache[absPath] = relPath;","","\t\treturn relPath;","\t}","","\t/**","\t * Check if path is from NPM folder","\t * @param  {String} path","\t * @return {Boolean}","\t */","\tisNpmPath(path) {","\t\treturn path.indexOf('node_modules') >= 0;","\t}","","\t/**","\t * Exclude modules from tree using RegExp.","\t * @param  {Object} tree","\t * @param  {Array} excludeRegExp","\t * @return {Object}","\t */","\texclude(tree, excludeRegExp) {","\t\tconst regExpList = excludeRegExp.map((re) => new RegExp(re));","\t\tconst config = this.config;","","\t\tfunction regExpFilter(id) {","\t\t\tif (!config.showFileExtension) {","\t\t\t\tid = id.substr(0, id.lastIndexOf('.')) || id;","\t\t\t}","","\t\t\treturn regExpList.findIndex((regexp) => regexp.test(id)) < 0;","\t\t}","","\t\treturn Object","\t\t\t.keys(tree)","\t\t\t.filter(regExpFilter)","\t\t\t.reduce((acc, id) => {","\t\t\t\tacc[id] = tree[id].filter(regExpFilter);","\t\t\t\treturn acc;","\t\t\t}, {});","\t}","","\t/**","\t * Sort tree.","\t * @param  {Object} tree","\t * @return {Object}","\t */","\tsort(tree) {","\t\treturn Object","\t\t\t.keys(tree)","\t\t\t.sort()","\t\t\t.reduce((acc, id) => {","\t\t\t\tacc[id] = tree[id].sort();","\t\t\t\treturn acc;","\t\t\t}, {});","\t}","}",""," /**","  * Expose API.","  * @param {Array} srcPaths","  * @param {Object} config","  * @return {Promise}","  */","module.exports = (srcPaths, config) => new Tree(srcPaths, config);",""],"l":{"3":1,"4":1,"5":1,"6":1,"7":1,"8":1,"9":1,"15":1,"27":1,"28":1,"30":1,"31":1,"33":1,"44":1,"45":0,"47":1,"50":0,"58":1,"60":0,"62":0,"71":0,"73":0,"75":0,"78":0,"79":0,"80":0,"83":0,"84":0,"85":0,"88":0,"90":0,"91":0,"96":0,"105":0,"106":0,"107":0,"108":0,"109":0,"111":0,"112":0,"113":0,"116":0,"123":0,"124":0,"126":0,"127":0,"130":0,"131":0,"134":0,"141":0,"143":0,"144":0,"146":0,"147":0,"151":0,"152":0,"155":0,"170":0,"171":0,"173":0,"174":0,"176":0,"177":0,"181":0,"184":0,"194":0,"195":0,"198":0,"200":0,"201":0,"204":0,"206":0,"215":0,"225":0,"226":0,"228":1,"229":0,"230":0,"233":0,"236":0,"240":0,"241":0,"251":0,"255":0,"256":0,"267":1}},"/home/travis/build/npmtest/node-npmtest-madge/node_modules/madge/lib/log.js":{"path":"/home/travis/build/npmtest/node-npmtest-madge/node_modules/madge/lib/log.js","s":{"1":1},"b":{},"f":{},"fnMap":{},"statementMap":{"1":{"start":{"line":3,"column":0},"end":{"line":3,"column":43}}},"branchMap":{},"code":["'use strict';","","module.exports = require('debug')('madge');",""],"l":{"3":1}},"/home/travis/build/npmtest/node-npmtest-madge/node_modules/madge/lib/cyclic.js":{"path":"/home/travis/build/npmtest/node-npmtest-madge/node_modules/madge/lib/cyclic.js","s":{"1":1,"2":0,"3":0,"4":0,"5":0,"6":0,"7":1,"8":0,"9":0,"10":0,"11":0,"12":0,"13":0,"14":0,"15":0,"16":0,"17":0,"18":1,"19":0,"20":0,"21":0,"22":0,"23":0,"24":0},"b":{"1":[0,0],"2":[0,0],"3":[0,0],"4":[0,0],"5":[0,0]},"f":{"1":0,"2":0,"3":0},"fnMap":{"1":{"name":"getPath","line":9,"loc":{"start":{"line":9,"column":0},"end":{"line":9,"column":37}}},"2":{"name":"resolver","line":29,"loc":{"start":{"line":29,"column":0},"end":{"line":29,"column":63}}},"3":{"name":"(anonymous_3)","line":53,"loc":{"start":{"line":53,"column":17},"end":{"line":53,"colum
[...]
},{"start":{"line":122,"column":1},"end":{"line":122,"column":1}}]},"16":{"line":143,"type":"if","locations":[{"start":{"line":143,"column":1},"end":{"line":143,"column":1}},{"start":{"line":143,"column":1},"end":{"line":143,"column":1}}]},"17":{"line":143,"type":"binary-expr","locations":[{"start":{"line":143,"column":5},"end":{"line":143,"column":18}},{"start":{"line":143,"column":22},"end":{"line":143,"column":34}}]},"18":{"line":151,"type":"if","locations":[{"start":{"line":151,"column":1},"end":{"line":151,"column":1}},{"start":{"line":151,"column":1},"end":{"line":151,"column":1}}]},"19":{"line":151,"type":"binary-expr","locations":[{"start":{"line":151,"column":5},"end":{"line":151,"column":18}},{"start":{"line":151,"column":22},"end":{"line":151,"column":34}}]},"20":{"line":156,"type":"if","locations":[{"start":{"line":156,"column":1},"end":{"line":156,"column":1}},{"start":{"line":156,"column":1},"end":{"line":156,"column":1}}]},"21":{"line":164,"type":"if","locations":[{"start":{"line":164,"column":1},"end":{"line":164,"column":1}},{"start":{"line":164,"column":1},"end":{"line":164,"column":1}}]},"22":{"line":172,"type":"if","locations":[{"start":{"line":172,"column":1},"end":{"line":172,"column":1}},{"start":{"line":172,"column":1},"end":{"line":172,"column":1}}]},"23":{"line":179,"type":"if","locations":[{"start":{"line":179,"column":2},"end":{"line":179,"column":2}},{"start":{"line":179,"column":2},"end":{"line":179,"column":2}}]},"24":{"line":186,"type":"if","locations":[{"start":{"line":186,"column":1},"end":{"line":186,"column":1}},{"start":{"line":186,"column":1},"end":{"line":186,"column":1}}]},"25":{"line":193,"type":"if","locations":[{"start":{"line":193,"column":1},"end":{"line":193,"column":1}},{"start":{"line":193,"column":1},"end":{"line":193,"column":1}}]},"26":{"line":207,"type":"if","locations":[{"start":{"line":207,"column":1},"end":{"line":207,"column":1}},{"start":{"line":207,"column":1},"end":{"line":207,"column":1}}]},"27":{"line":207,"type":"binary-expr","locations":[{"start":{"line":207,"column":5},"end":{"line":207,"column":20}},{"start":{"line":207,"column":24},"end":{"line":207,"column":37}}]},"28":{"line":211,"type":"if","locations":[{"start":{"line":211,"column":1},"end":{"line":211,"column":1}},{"start":{"line":211,"column":1},"end":{"line":211,"column":1}}]},"29":{"line":211,"type":"binary-expr","locations":[{"start":{"line":211,"column":5},"end":{"line":211,"column":18}},{"start":{"line":211,"column":22},"end":{"line":211,"column":34}}]}},"code":["//#!/usr/bin/env node","'use strict';","","const path = require('path');","const process = require('process');","const program = require('commander');","const rc = require('rc')('madge');","const version = require('../package.json').version;","const ora = require('ora');","const chalk = require('chalk');","const startTime = Date.now();","","program","\t.version(version)","\t.usage('[options] <src...>')","\t.option('-b, --basedir <path>', 'base directory for resolving paths')","\t.option('-s, --summary', 'show dependency count summary')","\t.option('-c, --circular', 'show circular dependencies')","\t.option('-d, --depends <name>', 'show module dependents')","\t.option('-x, --exclude <regexp>', 'exclude modules using RegExp')","\t.option('-j, --json', 'output as JSON')","\t.option('-i, --image <file>', 'write graph to file as an image')","\t.option('-l, --layout <name>', 'layout engine to use for graph (dot/neato/fdp/sfdp/twopi/circo)')","\t.option('--dot', 'show graph using the DOT language')","\t.option('--extensions <list>', 'comma separated string of valid file extensions')","\t.option('--show-extension', 'include file extension in module name', false)","\t.option('--require-config <file>', 'path to RequireJS config')","\t.option('--webpack-config <file>', 'path to webpack config')","\t.option('--include-npm', 'include shallow NPM modules', false)","\t.option('--no-color', 'disable color in output and image', false)","\t.option('--stdin', 'read predefined tree from STDIN', false)","\t.option('--warning', 'show warnings about skipped files', false)","\t.option('--debug', 'turn on debug output', false)","\t.parse(process.argv);","","if (!program.args.length && !program.stdin) {","\tconsole.log(program.helpInformation());","\tprocess.exit(1);","}","","if (program.debug) {","\tprocess.env.DEBUG = '*';","}","","if (!program.color) {","\tprocess.env.DEBUG_COLORS = false;","}","","const log = require('../lib/log');","const output = require('../lib/output');","const madge = require('../lib/api');","const config = Object.assign({}, rc);","const spinner = ora({","\ttext: 'Finding files',","\tcolor: 'white',","\tinterval: 100000","});","","let exitCode = 0;","","delete config._;","delete config.config;","delete config.configs;","","if (rc.config) {","\tlog('using runtime config %s', rc.config);","}","","if (program.basedir) {","\tconfig.baseDir = program.basedir;","}","","if (program.exclude) {","\tconfig.excludeRegExp = [program.exclude];","}","","if (program.extensions) {","\tconfig.fileExtensions = program.extensions.split(',').map((s) => s.trim());","}","","if (program.showExtension) {","\tconfig.showFileExtension = true;","}","","if (program.requireConfig) {","\tconfig.requireConfig = program.requireConfig;","}","","if (program.webpackConfig) {","\tconfig.webpackConfig = program.webpackConfig;","}","","if (program.includeNpm) {","\tconfig.includeNpm = program.includeNpm;","}","","if (!program.color) {","\tconfig.backgroundColor = '#ffffff';","\tconfig.nodeColor = '#00000';","\tconfig.noDependencyColor = '#00000';","\tconfig.cyclicNodeColor = '#000000';","\tconfig.edgeColor = '#757575';","}","","function dependencyFilter() {","\tlet prevFile;","","\treturn (dependencyFilePath, traversedFilePath, baseDir) => {","\t\tif (prevFile !== traversedFilePath) {","\t\t\tconst relPath = path.relative(baseDir, traversedFilePath);","\t\t\tconst dir = path.dirname(relPath) + '/';","\t\t\tconst file = path.basename(relPath);","","\t\t\tspinner.text = chalk.grey(dir) + chalk.cyan(file);","\t\t\tspinner.render();","\t\t\tprevFile = traversedFilePath;","\t\t}","\t};","}","","new Promise((resolve, reject) => {","\tif (program.stdin) {","\t\tlet buffer = '';","","\t\tprocess.stdin","\t\t\t.resume()","\t\t\t.setEncoding('utf8')","\t\t\t.on('data', (chunk) => {","\t\t\t\tbuffer += chunk;","\t\t\t})","\t\t\t.on('end', () => {","\t\t\t\ttry {","\t\t\t\t\tresolve(JSON.parse(buffer));","\t\t\t\t} catch (e) {","\t\t\t\t\treject(e);","\t\t\t\t}","\t\t\t});","\t} else {","\t\tresolve(program.args);","\t}","})",".then((src) => {","\tif (!program.json && !program.dot) {","\t\tspinner.start();","\t\tconfig.dependencyFilter = dependencyFilter();","\t}","","\treturn madge(src, config);","})",".then((res) => {","\tif (!program.json && !program.dot) {","\t\tspinner.stop();","\t\toutput.getResultSummary(res, startTime);","\t}","","\tif (program.summary) {","\t\toutput.summary(res.obj(), {","\t\t\tjson: program.json","\t\t});","","\t\treturn res;","\t}","","\tif (program.depends) {","\t\toutput.depends(res.depends(program.depends), {","\t\t\tjson: program.json","\t\t});","","\t\treturn res;","\t}","","\tif (program.circular) {","\t\tconst circular = res.circular();","","\t\toutput.circular(spinner, res, circular, {","\t\t\tjson: program.json","\t\t});","","\t\tif (circular.length) {","\t\t\texitCode = 1;","\t\t}","","\t\treturn res;","\t}","","\tif (program.image) {","\t\treturn res.image(program.image).then((imagePath) => {","\t\t\tspinner.succeed(`${chalk.bold('Image created at')} ${chalk.cyan.bold(imagePath)}`);","\t\t\treturn res;","\t\t});","\t}","","\tif (program.dot) {","\t\treturn res.dot().then((output) => {","\t\t\tprocess.stdout.write(output);","\t\t\treturn res;","\t\t});","\t}","","\toutput.list(res.obj(), {","\t\tjson: program.json","\t});","","\treturn res;","})",".then((res) => {","\tif (program.warning && !program.json) {","\t\toutput.warnings(res);","\t}","","\tif (!program.json && !program.dot) {","\t\tconsole.log('');","\t}","","\tprocess.exit(exitCode);","})",".catch((err) => {","\tspinner.stop();","\tconsole.log('\\n%s %s\\n', chalk.red('✖'), err.stack);","\tprocess.exit(1);","});",""],"l":{"4":1,"5":1,"6":1,"7":1,"8":1,"9":1,"10":1,"11":1,"13":1,"36":1,"37":1,"38":1,"41":1,"42":0,"45":1,"46":0,"49":1,"50":1,"51":1,"52":1,"53":1,"59":1,"61":1,"62":1,"63":1,"65":1,"66":0,"69":1,"70":0,"73":1,"74":0,"77":1,"78":0,"81":1,"82":0,"85":1,"86":0,"89":1,"90":0,"93":1,"94":0,"97":1,"98":0,"99":0,"100":0,"101":0,"102":0,"105":1,"106":1,"108":1,"109":0,"110":0,"111":0,"112":0,"114":0,"115":0,"116":0,"121":1,"122":1,"123":0,"125":0,"129":0,"132":0,"133":0,"135":0,"139":1,"143":1,"144":1,"145":1,"148":1,"151":0,"152":0,"153":0,"156":0,"157":0,"161":0,"164":0,"165":0,"169":0,"172":0,"173":0,"175":0,"179":0,"180":0,"183":0,"186":0,"187":0,"188":0,"189":0,"193":0,"194":0,"195":0,"196":0,"200":0,"204":0,"207":0,"208":0,"211":0,"212":0,"215":0,"218":1,"219":1,"220":1}},"/home/travis/build/npmtest/node-npmtest-madge/node_modules/madge/lib/output.js":{"path":"/home/travis/build/npmtest/node-npmtest-madge/node_modules/madge/lib/output.js","s":{"1":1,"2":1,"3":1,"4":1,"5":0,"6":1,"7":0,"8":0,"9":0,"10":0,"11":0,"12":0,"13":0,"14":1,"15":0,"16":0,"17":0,"18":0,"19":0,"20":0,"21":0,"22":0,"23":0,"24":1,"25":0,"26":0,"27":0,"28":0,"29":0,"30":0,"31":0,"32":0,"33":0,"34":0,"35":0,"36":0,"37":0,"38":1,"39":0,"40":0,"41":0,"42":0,"43":1,"44":0,"45":0,"46":0,"47":0,"48":0,"49":1,"50":0,"51":0,"52":0},"b":{"1":[0,0],"2":[0,0],"3":[0,0],"4":[0,0],"5":[0,0],"6":[0,0],"7":[0,0],"8":[0,0],"9":[0,0],"10":[0,0],"11":[0,0]},"f":{"1":0,"2":0,"3":0,"4":0,"5":0,"6":0,"7":0},"fnMap":{"1":{"name":"printJSON","line":12,"loc":{"start":{"line":12,"column":0},"end":{"line":12,"column":24}}},"2":{"name":"(anonymous_2)","line":22,"loc":{"start":{"line":22,"column":22},"end":{"line":22,"column":47}}},"3":{"name":"(anonymous_3)","line":43,"loc":{"start":{"line":43,"column":25},"end":{"line":43,"column":50}}},"4":{"name":"(anonymous_4)","line":71,"loc":{"start":{"line":71,"column":26},"end":{"line":71,"column":66}}},"5":{"name":"(anonymous_5)","line":101,"loc":{"start":{"line":101,"column":25},"end":{"line":101,"column":50}}},"6":{"name":"(anonymous_6)","line":116,"loc":{"start":{"line":116,"column":26},"end":{"line":116,"column":41}}},"7":{"name":"(anonymous_7)","line":134,"loc":{"start":{"line":134,"column":34},"end":{"line":134,"column":60}}}},"statementMap":{"1":{"start":{"line":3,"column":0},"end":{"line":3,"column":31}},"2":{"start":{"line":4,"column":0},"end":{"line":4,"column":39}},"3":{"start":{"line":5,"column":0},"end":{"line":5,"column":38}},"4":{"start":{"line":12,"column":0},"end":{"line":14,"column":1}},"5":{"start":{"line":13,"column":1},"end":{"line":13,"column":53}},"6":{"start":{"line":22,"column":0},"end":{"line":35,"column":2}},"7":{"start":{"line":23,"column":1},"end":{"line":23,"column":19}},"8":{"start":{"line":25,"column":1},"end":{"line":27,"column":2}},"9":{"start":{"line":26,"column":2},"end":{"line":26,"column":28}},"10":{"start":{"line":29,"column":1},"end":{"line":34,"column":4}},"11":{"start":{"line":30,"column":2},"end":{"line":30,"column":35}},"12":{"start":{"line":31,"column":2},"end":{"line":33,"column":5}},"13":{"start":{"line":32,"column":3},"end":{"line":32,"column":41}},"14":{"start":{"line":43,"column":0},"end":{"line":61,"column":2}},"15":{"start":{"line":44,"column":1},"end":{"line":44,"column":14}},"16":{"start":{"line":46,"column":1},"end":{"line":46,"column":19}},"17":{"start":{"line":48,"column":1},"end":{"line":56,"column":4}},"18":{"start":{"line":49,"column":2},"end":{"line":49,"column":47}},"19":{"start":{"line":51,"column":2},"end":{"line":55,"column":3}},"20":{"start":{"line":52,"column":3},"end":{"line":52,"column":30}},"21":{"start":{"line":54,"column":3},"end":{"line":54,"column":77}},"22":{"start":{"line":58,"column":1},"end":{"line":60,"column":2}},"23":{"start":{"line":59,"column":2},"end":{"line":59,"column":22}},"24":{"start":{"line":71,"column":0},"end":{"line":93,"column":2}},"25":{"start":{"line":72,"column":1},"end":{"line":74,"column":2}},"26":{"start":{"line":73,"column":2},"end":{"line":73,"column":29}},"27":{"start":{"line":76,"column":1},"end":{"line":76,"column":50}},"28":{"start":{"line":78,"column":1},"end":{"line":92,"column":2}},"29":{"start":{"line":79,"column":2},"end":{"line":79,"column":63}},"30":{"start":{"line":81,"column":2},"end":{"line":81,"column":98}},"31":{"start":{"line":82,"column":2},"end":{"line":91,"column":5}},"32":{"start":{"line":83,"column":3},"end":{"line":83,"column":51}},"33":{"start":{"line":84,"column":3},"end":{"line":89,"column":6}},"34":{"start":{"line":85,"column":4},"end":{"line":87,"column":5}},"35":{"start":{"line":86,"column":5},"end":{"line":86,"column":44}},"36":{"start":{"line":88,"column":4},"end":{"line":88,"column":50}},"37":{"start":{"line":90,"column":3},"end":{"line":90,"column":30}},"38":{"start":{"line":101,"column":0},"end":{"line":109,"column":2}},"39":{"start":{"line":102,"column":1},"end":{"line":104,"column":2}},"40":{"start":{"line":103,"column":2},"end":{"line":103,"column":28}},"41":{"start":{"line":106,"column":1},"end":{"line":108,"column":4}},"42":{"start":{"line":107,"column":2},"end":{"line":107,"column":35}},"43":{"start":{"line":116,"column":0},"end":{"line":126,"column":2}},"44":{"start":{"line":117,"column":1},"end":{"line":117,"column":40}},"45":{"start":{"line":119,"column":1},"end":{"line":125,"column":2}},"46":{"start":{"line":120,"column":2},"end":{"line":120,"column":93}},"47":{"start":{"line":122,"column":2},"end":{"line":124,"column":5}},"48":{"start":{"line":123,"column":3},"end":{"line":123,"column":35}},"49":{"start":{"line":134,"column":0},"end":{"line":144,"column":2}},"50":{"start":{"line":135,"column":1},"end":{"line":135,"column":52}},"51":{"start":{"line":136,"column":1},"end":{"line":136,"column":49}},"52":{"start":{"line":138,"column":1},"end":{"line":143,"column":3}}},"branchMap":{"1":{"line":23,"type":"binary-expr","locations":[{"start":{"line":23,"column":8},"end":{"line":23,"column":12}},{"start":{"line":23,"column":16},"end":{"line":23,"column":18}}]},"2":{"line":25,"type":"if","locations":[{"start":{"line":25,"column":1},"end":{"line":25,"column":1}},{"start":{"line":25,"column":1},"end":{"line":25,"column":1}}]},"3":{"line":46,"type":"binary-expr","locations":[{"start":{"line":46,"column":8},"end":{"line":46,"column":12}},{"start":{"line":46,"column":16},"end":{"line":46,"column":18}}]},"4":{"line":51,"type":"if","locations":[{"start":{"line":51,"column":2},"end":{"line":51,"column":2}},{"start":{"line":51,"column":2},"end":{"line":51,"column":2}}]},"5":{"line":58,"type":"if","locations":[{"start":{"line":58,"column":1},"end":{"line":58,"column":1}},{"start":{"line":58,"column":1},"end":{"line":58,"column":1}}]},"6":{"line":72,"type":"if","locations":[{"start":{"line":72,"column":1},"end":{"line":72,"column":1}},{"start":{"line":72,"column":1},"end":{"line":72,"column":1}}]},"7":{"line":78,"type":"if","locations":[{"start":{"line":78,"column":1},"end":{"line":78,"column":1}},{"start":{"line":78,"column":1},"end":{"line":78,"column":1}}]},"8":{"line":85,"type":"if","locations":[{"start":{"line":85,"column":4},"end":{"line":85,"column":4}},{"start":{"line":85,"column":4},"end":{"line":85,"column":4}}]},"9":{"line":102,"type":"if","locations":[{"start":{"line":102,"column":1},"end":{"line":102,"column":1}},{"start":{"line":102,"column":1},"end":{"line":102,"column":1}}]},"10":{"line":119,"type":"if","locations":[{"start":{"line":119,"column":1},"end":{"line":119,"column":1}},{"start":{"line":119,"column":1},"end":{"line":119,"column":1}}]},"11":{"line":142,"type":"cond-expr","locations":[{"start":{"line":142,"column":17},"end":{"line":142,"column":88}},{"start":{"line":142,"column":91},"end":{"line":142,"column":93}}]}},"code":["'use strict';","","const chalk = require('chalk');","const pluralize = require('pluralize');","const prettyMs = require('pretty-ms');","","/**"," * Print given object as JSON."," * @param  {Object} obj"," * @return {String}"," */","function printJSON(obj) {","\treturn console.log(JSON.stringify(obj, null, '  '));","}","","/**"," * Print module dependency graph as indented text (or JSON)."," * @param  {Object} modules"," * @param  {Object} opts"," * @return {undefined}"," */","module.exports.list = function (modules, opts) {","\topts = opts || {};","","\tif (opts.json) {","\t\treturn printJSON(modules);","\t}","","\tObject.keys(modules).forEach((id) => {","\t\tconsole.log(chalk.cyan.bold(id));","\t\tmodules[id].forEach((depId) => {","\t\t\tconsole.log(chalk.grey(`  ${depId}`));","\t\t});","\t});","};","","/**"," * Print a summary of module dependencies."," * @param  {Object} modules"," * @param  {Object} opts"," * @return {undefined}"," */","module.exports.summary = function (modules, opts) {","\tconst o = {};","","\topts = opts || {};","","\tObject.keys(modules).sort((a, b) => {","\t\treturn modules[b].length - modules[a].length;","\t}).forEach((id) => {","\t\tif (opts.json) {","\t\t\to[id] = modules[id].length;","\t\t} else {","\t\t\tconsole.log('%s %s', chalk.cyan.bold(modules[id].length), chalk.grey(id));","\t\t}","\t});","","\tif (opts.json) {","\t\treturn printJSON(o);","\t}","};","","/**"," * Print the result from Madge.circular()."," * @param  {Object} spinner"," * @param  {Object} res"," * @param  {Array} circular"," * @param  {Object} opts"," * @return {undefined}"," */","module.exports.circular = function (spinner, res, circular, opts) {","\tif (opts.json) {","\t\treturn printJSON(circular);","\t}","","\tconst cyclicCount = Object.keys(circular).length;","","\tif (!circular.length) {","\t\tspinner.succeed(chalk.bold('No circular dependency found!'));","\t} else {","\t\tspinner.fail(chalk.red.bold(`Found ${pluralize('circular dependency', cyclicCount, true)}!\\n`));","\t\tcircular.forEach((path, idx) => {","\t\t\tprocess.stdout.write(chalk.dim(idx + 1 + ') '));","\t\t\tpath.forEach((module, idx) => {","\t\t\t\tif (idx) {","\t\t\t\t\tprocess.stdout.write(chalk.dim(' > '));","\t\t\t\t}","\t\t\t\tprocess.stdout.write(chalk.cyan.bold(module));","\t\t\t});","\t\t\tprocess.stdout.write('\\n');","\t\t});","\t}","};","","/**"," * Print the result from Madge.depends()."," * @param  {Array} depends"," * @param  {Object} opts"," * @return {undefined}"," */","module.exports.depends = function (depends, opts) {","\tif (opts.json) {","\t\treturn printJSON(depends);","\t}","","\tdepends.forEach((id) => {","\t\tconsole.log(chalk.cyan.bold(id));","\t});","};","","/**"," * Print warnings to the console."," * @param  {Object} res"," * @return {undefined}"," */","module.exports.warnings = function (res) {","\tconst skipped = res.warnings().skipped;","","\tif (skipped.length) {","\t\tconsole.log(chalk.yellow.bold(`\\n✖ Skipped ${pluralize('file', skipped.length, true)}\\n`));","","\t\tskipped.forEach((file) => {","\t\t\tconsole.log(chalk.yellow(file));","\t\t});","\t}","};","","/**"," * Get a summary from the result."," * @param  {Object} res"," * @param  {Number} startTime"," * @return {undefined}"," */","module.exports.getResultSummary = function (res, startTime) {","\tconst warningCount = res.warnings().skipped.length;","\tconst fileCount = Object.keys(res.obj()).length;","","\tconsole.log('Processed %s %s %s %s\\n',","\t\tchalk.bold(fileCount),","\t\tpluralize('file', fileCount),","\t\tchalk.dim(`(${prettyMs(Date.now() - startTime)})`),","\t\twarningCount ? '(' + chalk.yellow.bold(pluralize('warning', warningCount, true)) + ')' : ''","\t);","};",""],"l":{"3":1,"4":1,"5":1,"12":1,"13":0,"22":1,"23":0,"25":0,"26":0,"29":0,"30":0,"31":0,"32":0,"43":1,"44":0,"46":0,"48":0,"49":0,"51":0,"52":0,"54":0,"58":0,"59":0,"71":1,"72":0,"73":0,"76":0,"78":0,"79":0,"81":0,"82":0,"83":0,"84":0,"85":0,"86":0,"88":0,"90":0,"101":1,"102":0,"103":0,"106":0,"107":0,"116":1,"117":0,"119":0,"120":0,"122":0,"123":0,"134":1,"135":0,"136":0,"138":0}}}